[traceId:,span_id:] 2018-06-09 18:08:13.560 [DiscoveryClient-HeartbeatExecutor-0] [ERROR] c.n.d.s.t.d.RedirectingEurekaHttpClient - Request execution error
com.sun.jersey.api.client.ClientHandlerException: org.apache.http.NoHttpResponseException: localhost:8761 failed to respond
	at com.sun.jersey.client.apache4.ApacheHttpClient4Handler.handle(ApacheHttpClient4Handler.java:187)
	at com.sun.jersey.api.client.filter.GZIPContentEncodingFilter.handle(GZIPContentEncodingFilter.java:123)
	at com.netflix.discovery.EurekaIdentityHeaderFilter.handle(EurekaIdentityHeaderFilter.java:27)
	at com.sun.jersey.api.client.Client.handle(Client.java:652)
	at com.sun.jersey.api.client.WebResource.handle(WebResource.java:682)
	at com.sun.jersey.api.client.WebResource.access$200(WebResource.java:74)
	at com.sun.jersey.api.client.WebResource$Builder.put(WebResource.java:529)
	at com.netflix.discovery.shared.transport.jersey.AbstractJerseyEurekaHttpClient.sendHeartBeat(AbstractJerseyEurekaHttpClient.java:102)
	at com.netflix.discovery.shared.transport.decorator.EurekaHttpClientDecorator$3.execute(EurekaHttpClientDecorator.java:92)
	at com.netflix.discovery.shared.transport.decorator.MetricsCollectingEurekaHttpClient.execute(MetricsCollectingEurekaHttpClient.java:73)
	at com.netflix.discovery.shared.transport.decorator.EurekaHttpClientDecorator.sendHeartBeat(EurekaHttpClientDecorator.java:89)
	at com.netflix.discovery.shared.transport.decorator.EurekaHttpClientDecorator$3.execute(EurekaHttpClientDecorator.java:92)
	at com.netflix.discovery.shared.transport.decorator.RedirectingEurekaHttpClient.executeOnNewServer(RedirectingEurekaHttpClient.java:118)
	at com.netflix.discovery.shared.transport.decorator.RedirectingEurekaHttpClient.execute(RedirectingEurekaHttpClient.java:79)
	at com.netflix.discovery.shared.transport.decorator.EurekaHttpClientDecorator.sendHeartBeat(EurekaHttpClientDecorator.java:89)
	at com.netflix.discovery.shared.transport.decorator.EurekaHttpClientDecorator$3.execute(EurekaHttpClientDecorator.java:92)
	at com.netflix.discovery.shared.transport.decorator.RetryableEurekaHttpClient.execute(RetryableEurekaHttpClient.java:120)
	at com.netflix.discovery.shared.transport.decorator.EurekaHttpClientDecorator.sendHeartBeat(EurekaHttpClientDecorator.java:89)
	at com.netflix.discovery.shared.transport.decorator.EurekaHttpClientDecorator$3.execute(EurekaHttpClientDecorator.java:92)
	at com.netflix.discovery.shared.transport.decorator.SessionedEurekaHttpClient.execute(SessionedEurekaHttpClient.java:77)
	at com.netflix.discovery.shared.transport.decorator.EurekaHttpClientDecorator.sendHeartBeat(EurekaHttpClientDecorator.java:89)
	at com.netflix.discovery.DiscoveryClient.renew(DiscoveryClient.java:846)
	at com.netflix.discovery.DiscoveryClient$HeartbeatThread.run(DiscoveryClient.java:1399)
	at java.util.concurrent.Executors$RunnableAdapter.call(Executors.java:511)
	at java.util.concurrent.FutureTask.run(FutureTask.java:266)
	at java.util.concurrent.ThreadPoolExecutor.runWorker(ThreadPoolExecutor.java:1149)
	at java.util.concurrent.ThreadPoolExecutor$Worker.run(ThreadPoolExecutor.java:624)
	at java.lang.Thread.run(Thread.java:748)
Caused by: org.apache.http.NoHttpResponseException: localhost:8761 failed to respond
	at org.apache.http.impl.conn.DefaultHttpResponseParser.parseHead(DefaultHttpResponseParser.java:141)
	at org.apache.http.impl.conn.DefaultHttpResponseParser.parseHead(DefaultHttpResponseParser.java:56)
	at org.apache.http.impl.io.AbstractMessageParser.parse(AbstractMessageParser.java:259)
	at org.apache.http.impl.AbstractHttpClientConnection.receiveResponseHeader(AbstractHttpClientConnection.java:286)
	at org.apache.http.impl.conn.DefaultClientConnection.receiveResponseHeader(DefaultClientConnection.java:257)
	at org.apache.http.impl.conn.AbstractClientConnAdapter.receiveResponseHeader(AbstractClientConnAdapter.java:230)
	at org.apache.http.protocol.HttpRequestExecutor.doReceiveResponse(HttpRequestExecutor.java:273)
	at org.apache.http.protocol.HttpRequestExecutor.execute(HttpRequestExecutor.java:125)
	at org.apache.http.impl.client.DefaultRequestDirector.tryExecute(DefaultRequestDirector.java:684)
	at org.apache.http.impl.client.DefaultRequestDirector.execute(DefaultRequestDirector.java:486)
	at org.apache.http.impl.client.AbstractHttpClient.doExecute(AbstractHttpClient.java:835)
	at org.apache.http.impl.client.CloseableHttpClient.execute(CloseableHttpClient.java:118)
	at org.apache.http.impl.client.CloseableHttpClient.execute(CloseableHttpClient.java:56)
	at com.sun.jersey.client.apache4.ApacheHttpClient4Handler.handle(ApacheHttpClient4Handler.java:173)
	... 27 common frames omitted
[traceId:,span_id:] 2018-06-09 18:08:14.894 [DiscoveryClient-HeartbeatExecutor-0] [WARN ] c.n.d.s.t.d.RetryableEurekaHttpClient - Request execution failed with message: org.apache.http.NoHttpResponseException: localhost:8761 failed to respond
[traceId:,span_id:] 2018-06-09 18:08:16.352 [DiscoveryClient-HeartbeatExecutor-0] [ERROR] c.netflix.discovery.DiscoveryClient - DiscoveryClient_SERVICE-HI/DESKTOP-CCCD7LS:service-hi:8762 - was unable to send heartbeat!
com.netflix.discovery.shared.transport.TransportException: Cannot execute request on any known server
	at com.netflix.discovery.shared.transport.decorator.RetryableEurekaHttpClient.execute(RetryableEurekaHttpClient.java:112)
	at com.netflix.discovery.shared.transport.decorator.EurekaHttpClientDecorator.sendHeartBeat(EurekaHttpClientDecorator.java:89)
	at com.netflix.discovery.shared.transport.decorator.EurekaHttpClientDecorator$3.execute(EurekaHttpClientDecorator.java:92)
	at com.netflix.discovery.shared.transport.decorator.SessionedEurekaHttpClient.execute(SessionedEurekaHttpClient.java:77)
	at com.netflix.discovery.shared.transport.decorator.EurekaHttpClientDecorator.sendHeartBeat(EurekaHttpClientDecorator.java:89)
	at com.netflix.discovery.DiscoveryClient.renew(DiscoveryClient.java:846)
	at com.netflix.discovery.DiscoveryClient$HeartbeatThread.run(DiscoveryClient.java:1399)
	at java.util.concurrent.Executors$RunnableAdapter.call(Executors.java:511)
	at java.util.concurrent.FutureTask.run(FutureTask.java:266)
	at java.util.concurrent.ThreadPoolExecutor.runWorker(ThreadPoolExecutor.java:1149)
	at java.util.concurrent.ThreadPoolExecutor$Worker.run(ThreadPoolExecutor.java:624)
	at java.lang.Thread.run(Thread.java:748)
[traceId:,span_id:] 2018-06-09 18:12:54.297 [AsyncResolver-bootstrap-executor-0] [INFO ] c.n.d.s.r.aws.ConfigClusterResolver - Resolving eureka endpoints via configuration
[traceId:,span_id:] 2018-06-09 18:17:54.300 [AsyncResolver-bootstrap-executor-0] [INFO ] c.n.d.s.r.aws.ConfigClusterResolver - Resolving eureka endpoints via configuration
[traceId:,span_id:] 2018-06-09 18:22:54.301 [AsyncResolver-bootstrap-executor-0] [INFO ] c.n.d.s.r.aws.ConfigClusterResolver - Resolving eureka endpoints via configuration
[traceId:,span_id:] 2018-06-09 18:27:54.303 [AsyncResolver-bootstrap-executor-0] [INFO ] c.n.d.s.r.aws.ConfigClusterResolver - Resolving eureka endpoints via configuration
[traceId:,span_id:] 2018-06-09 18:32:54.306 [AsyncResolver-bootstrap-executor-0] [INFO ] c.n.d.s.r.aws.ConfigClusterResolver - Resolving eureka endpoints via configuration
[traceId:,span_id:] 2018-06-09 18:37:54.309 [AsyncResolver-bootstrap-executor-0] [INFO ] c.n.d.s.r.aws.ConfigClusterResolver - Resolving eureka endpoints via configuration
[traceId:,span_id:] 2018-06-09 18:42:54.310 [AsyncResolver-bootstrap-executor-0] [INFO ] c.n.d.s.r.aws.ConfigClusterResolver - Resolving eureka endpoints via configuration
[traceId:,span_id:] 2018-06-09 18:47:54.310 [AsyncResolver-bootstrap-executor-0] [INFO ] c.n.d.s.r.aws.ConfigClusterResolver - Resolving eureka endpoints via configuration
[traceId:,span_id:] 2018-06-09 18:52:54.311 [AsyncResolver-bootstrap-executor-0] [INFO ] c.n.d.s.r.aws.ConfigClusterResolver - Resolving eureka endpoints via configuration
[traceId:,span_id:] 2018-06-09 18:57:54.313 [AsyncResolver-bootstrap-executor-0] [INFO ] c.n.d.s.r.aws.ConfigClusterResolver - Resolving eureka endpoints via configuration
[traceId:,span_id:] 2018-06-09 19:02:54.315 [AsyncResolver-bootstrap-executor-0] [INFO ] c.n.d.s.r.aws.ConfigClusterResolver - Resolving eureka endpoints via configuration
[traceId:,span_id:] 2018-06-09 19:07:54.317 [AsyncResolver-bootstrap-executor-0] [INFO ] c.n.d.s.r.aws.ConfigClusterResolver - Resolving eureka endpoints via configuration
[traceId:,span_id:] 2018-06-09 19:12:54.318 [AsyncResolver-bootstrap-executor-0] [INFO ] c.n.d.s.r.aws.ConfigClusterResolver - Resolving eureka endpoints via configuration
[traceId:,span_id:] 2018-06-09 19:17:54.319 [AsyncResolver-bootstrap-executor-0] [INFO ] c.n.d.s.r.aws.ConfigClusterResolver - Resolving eureka endpoints via configuration
[traceId:,span_id:] 2018-06-09 19:22:54.321 [AsyncResolver-bootstrap-executor-0] [INFO ] c.n.d.s.r.aws.ConfigClusterResolver - Resolving eureka endpoints via configuration
[traceId:,span_id:] 2018-06-09 19:27:54.323 [AsyncResolver-bootstrap-executor-0] [INFO ] c.n.d.s.r.aws.ConfigClusterResolver - Resolving eureka endpoints via configuration
[traceId:,span_id:] 2018-06-09 19:32:54.325 [AsyncResolver-bootstrap-executor-0] [INFO ] c.n.d.s.r.aws.ConfigClusterResolver - Resolving eureka endpoints via configuration
[traceId:,span_id:] 2018-06-09 19:37:54.327 [AsyncResolver-bootstrap-executor-0] [INFO ] c.n.d.s.r.aws.ConfigClusterResolver - Resolving eureka endpoints via configuration
[traceId:,span_id:] 2018-06-09 19:42:54.328 [AsyncResolver-bootstrap-executor-0] [INFO ] c.n.d.s.r.aws.ConfigClusterResolver - Resolving eureka endpoints via configuration
[traceId:,span_id:] 2018-06-09 19:47:54.329 [AsyncResolver-bootstrap-executor-0] [INFO ] c.n.d.s.r.aws.ConfigClusterResolver - Resolving eureka endpoints via configuration
[traceId:,span_id:] 2018-06-09 19:52:54.331 [AsyncResolver-bootstrap-executor-0] [INFO ] c.n.d.s.r.aws.ConfigClusterResolver - Resolving eureka endpoints via configuration
[traceId:,span_id:] 2018-06-09 19:57:54.332 [AsyncResolver-bootstrap-executor-0] [INFO ] c.n.d.s.r.aws.ConfigClusterResolver - Resolving eureka endpoints via configuration
[traceId:,span_id:] 2018-06-09 20:02:54.334 [AsyncResolver-bootstrap-executor-0] [INFO ] c.n.d.s.r.aws.ConfigClusterResolver - Resolving eureka endpoints via configuration
[traceId:,span_id:] 2018-06-09 20:07:54.336 [AsyncResolver-bootstrap-executor-0] [INFO ] c.n.d.s.r.aws.ConfigClusterResolver - Resolving eureka endpoints via configuration
[traceId:,span_id:] 2018-06-09 20:12:54.337 [AsyncResolver-bootstrap-executor-0] [INFO ] c.n.d.s.r.aws.ConfigClusterResolver - Resolving eureka endpoints via configuration
[traceId:,span_id:] 2018-06-09 20:17:54.338 [AsyncResolver-bootstrap-executor-0] [INFO ] c.n.d.s.r.aws.ConfigClusterResolver - Resolving eureka endpoints via configuration
[traceId:,span_id:] 2018-06-09 20:22:54.340 [AsyncResolver-bootstrap-executor-0] [INFO ] c.n.d.s.r.aws.ConfigClusterResolver - Resolving eureka endpoints via configuration
[traceId:,span_id:] 2018-06-09 20:27:54.341 [AsyncResolver-bootstrap-executor-0] [INFO ] c.n.d.s.r.aws.ConfigClusterResolver - Resolving eureka endpoints via configuration
[traceId:,span_id:] 2018-06-09 20:32:54.343 [AsyncResolver-bootstrap-executor-0] [INFO ] c.n.d.s.r.aws.ConfigClusterResolver - Resolving eureka endpoints via configuration
[traceId:,span_id:] 2018-06-09 20:37:54.345 [AsyncResolver-bootstrap-executor-0] [INFO ] c.n.d.s.r.aws.ConfigClusterResolver - Resolving eureka endpoints via configuration
[traceId:,span_id:] 2018-06-09 20:42:54.347 [AsyncResolver-bootstrap-executor-0] [INFO ] c.n.d.s.r.aws.ConfigClusterResolver - Resolving eureka endpoints via configuration
[traceId:,span_id:] 2018-06-09 20:47:54.349 [AsyncResolver-bootstrap-executor-0] [INFO ] c.n.d.s.r.aws.ConfigClusterResolver - Resolving eureka endpoints via configuration
[traceId:,span_id:] 2018-06-09 20:52:54.349 [AsyncResolver-bootstrap-executor-0] [INFO ] c.n.d.s.r.aws.ConfigClusterResolver - Resolving eureka endpoints via configuration
[traceId:,span_id:] 2018-06-09 20:57:54.351 [AsyncResolver-bootstrap-executor-0] [INFO ] c.n.d.s.r.aws.ConfigClusterResolver - Resolving eureka endpoints via configuration
[traceId:,span_id:] 2018-06-09 21:02:54.352 [AsyncResolver-bootstrap-executor-0] [INFO ] c.n.d.s.r.aws.ConfigClusterResolver - Resolving eureka endpoints via configuration
[traceId:,span_id:] 2018-06-09 21:07:54.353 [AsyncResolver-bootstrap-executor-0] [INFO ] c.n.d.s.r.aws.ConfigClusterResolver - Resolving eureka endpoints via configuration
[traceId:,span_id:] 2018-06-09 21:12:54.353 [AsyncResolver-bootstrap-executor-0] [INFO ] c.n.d.s.r.aws.ConfigClusterResolver - Resolving eureka endpoints via configuration
[traceId:,span_id:] 2018-06-09 21:17:54.354 [AsyncResolver-bootstrap-executor-0] [INFO ] c.n.d.s.r.aws.ConfigClusterResolver - Resolving eureka endpoints via configuration
[traceId:,span_id:] 2018-06-09 21:22:54.356 [AsyncResolver-bootstrap-executor-0] [INFO ] c.n.d.s.r.aws.ConfigClusterResolver - Resolving eureka endpoints via configuration
[traceId:,span_id:] 2018-06-09 21:27:54.358 [AsyncResolver-bootstrap-executor-0] [INFO ] c.n.d.s.r.aws.ConfigClusterResolver - Resolving eureka endpoints via configuration
[traceId:,span_id:] 2018-06-09 21:32:54.360 [AsyncResolver-bootstrap-executor-0] [INFO ] c.n.d.s.r.aws.ConfigClusterResolver - Resolving eureka endpoints via configuration
[traceId:,span_id:] 2018-06-09 21:37:54.361 [AsyncResolver-bootstrap-executor-0] [INFO ] c.n.d.s.r.aws.ConfigClusterResolver - Resolving eureka endpoints via configuration
[traceId:,span_id:] 2018-06-09 21:42:54.364 [AsyncResolver-bootstrap-executor-0] [INFO ] c.n.d.s.r.aws.ConfigClusterResolver - Resolving eureka endpoints via configuration
[traceId:,span_id:] 2018-06-09 21:47:54.364 [AsyncResolver-bootstrap-executor-0] [INFO ] c.n.d.s.r.aws.ConfigClusterResolver - Resolving eureka endpoints via configuration
[traceId:,span_id:] 2018-06-09 21:52:54.366 [AsyncResolver-bootstrap-executor-0] [INFO ] c.n.d.s.r.aws.ConfigClusterResolver - Resolving eureka endpoints via configuration
[traceId:,span_id:] 2018-06-09 21:57:54.367 [AsyncResolver-bootstrap-executor-0] [INFO ] c.n.d.s.r.aws.ConfigClusterResolver - Resolving eureka endpoints via configuration
[traceId:,span_id:] 2018-06-09 22:02:54.368 [AsyncResolver-bootstrap-executor-0] [INFO ] c.n.d.s.r.aws.ConfigClusterResolver - Resolving eureka endpoints via configuration
[traceId:,span_id:] 2018-06-09 22:07:54.371 [AsyncResolver-bootstrap-executor-0] [INFO ] c.n.d.s.r.aws.ConfigClusterResolver - Resolving eureka endpoints via configuration
[traceId:,span_id:] 2018-06-09 22:12:54.372 [AsyncResolver-bootstrap-executor-0] [INFO ] c.n.d.s.r.aws.ConfigClusterResolver - Resolving eureka endpoints via configuration
[traceId:,span_id:] 2018-06-09 22:17:54.373 [AsyncResolver-bootstrap-executor-0] [INFO ] c.n.d.s.r.aws.ConfigClusterResolver - Resolving eureka endpoints via configuration
[traceId:,span_id:] 2018-06-09 22:22:54.374 [AsyncResolver-bootstrap-executor-0] [INFO ] c.n.d.s.r.aws.ConfigClusterResolver - Resolving eureka endpoints via configuration
[traceId:,span_id:] 2018-06-09 22:27:54.376 [AsyncResolver-bootstrap-executor-0] [INFO ] c.n.d.s.r.aws.ConfigClusterResolver - Resolving eureka endpoints via configuration
[traceId:,span_id:] 2018-06-09 22:32:54.377 [AsyncResolver-bootstrap-executor-0] [INFO ] c.n.d.s.r.aws.ConfigClusterResolver - Resolving eureka endpoints via configuration
[traceId:,span_id:] 2018-06-09 22:37:54.378 [AsyncResolver-bootstrap-executor-0] [INFO ] c.n.d.s.r.aws.ConfigClusterResolver - Resolving eureka endpoints via configuration
[traceId:,span_id:] 2018-06-09 22:42:54.379 [AsyncResolver-bootstrap-executor-0] [INFO ] c.n.d.s.r.aws.ConfigClusterResolver - Resolving eureka endpoints via configuration
[traceId:,span_id:] 2018-06-09 22:47:54.381 [AsyncResolver-bootstrap-executor-0] [INFO ] c.n.d.s.r.aws.ConfigClusterResolver - Resolving eureka endpoints via configuration
[traceId:,span_id:] 2018-06-09 22:52:54.382 [AsyncResolver-bootstrap-executor-0] [INFO ] c.n.d.s.r.aws.ConfigClusterResolver - Resolving eureka endpoints via configuration
[traceId:,span_id:] 2018-06-09 22:57:54.384 [AsyncResolver-bootstrap-executor-0] [INFO ] c.n.d.s.r.aws.ConfigClusterResolver - Resolving eureka endpoints via configuration
[traceId:,span_id:] 2018-06-09 23:02:54.386 [AsyncResolver-bootstrap-executor-0] [INFO ] c.n.d.s.r.aws.ConfigClusterResolver - Resolving eureka endpoints via configuration
[traceId:,span_id:] 2018-06-09 23:07:54.387 [AsyncResolver-bootstrap-executor-0] [INFO ] c.n.d.s.r.aws.ConfigClusterResolver - Resolving eureka endpoints via configuration
[traceId:,span_id:] 2018-06-09 23:12:54.389 [AsyncResolver-bootstrap-executor-0] [INFO ] c.n.d.s.r.aws.ConfigClusterResolver - Resolving eureka endpoints via configuration
[traceId:,span_id:] 2018-06-09 23:17:54.390 [AsyncResolver-bootstrap-executor-0] [INFO ] c.n.d.s.r.aws.ConfigClusterResolver - Resolving eureka endpoints via configuration
[traceId:,span_id:] 2018-06-09 23:22:54.391 [AsyncResolver-bootstrap-executor-0] [INFO ] c.n.d.s.r.aws.ConfigClusterResolver - Resolving eureka endpoints via configuration
[traceId:,span_id:] 2018-06-09 23:27:54.394 [AsyncResolver-bootstrap-executor-0] [INFO ] c.n.d.s.r.aws.ConfigClusterResolver - Resolving eureka endpoints via configuration
[traceId:,span_id:] 2018-06-09 23:32:54.395 [AsyncResolver-bootstrap-executor-0] [INFO ] c.n.d.s.r.aws.ConfigClusterResolver - Resolving eureka endpoints via configuration
[traceId:,span_id:] 2018-06-09 23:37:54.396 [AsyncResolver-bootstrap-executor-0] [INFO ] c.n.d.s.r.aws.ConfigClusterResolver - Resolving eureka endpoints via configuration
[traceId:,span_id:] 2018-06-09 23:42:54.398 [AsyncResolver-bootstrap-executor-0] [INFO ] c.n.d.s.r.aws.ConfigClusterResolver - Resolving eureka endpoints via configuration
[traceId:,span_id:] 2018-06-09 23:47:54.400 [AsyncResolver-bootstrap-executor-0] [INFO ] c.n.d.s.r.aws.ConfigClusterResolver - Resolving eureka endpoints via configuration
[traceId:,span_id:] 2018-06-09 23:52:54.401 [AsyncResolver-bootstrap-executor-0] [INFO ] c.n.d.s.r.aws.ConfigClusterResolver - Resolving eureka endpoints via configuration
[traceId:,span_id:] 2018-06-09 23:57:54.402 [AsyncResolver-bootstrap-executor-0] [INFO ] c.n.d.s.r.aws.ConfigClusterResolver - Resolving eureka endpoints via configuration
