[traceId:,span_id:] 2018-06-08 16:05:49.472 [main] [INFO ] o.s.c.a.AnnotationConfigApplicationContext - Refreshing org.springframework.context.annotation.AnnotationConfigApplicationContext@36f48b4: startup date [Fri Jun 08 16:05:49 CST 2018]; root of context hierarchy
[traceId:,span_id:] 2018-06-08 16:05:50.062 [main] [INFO ] o.s.b.f.a.AutowiredAnnotationBeanPostProcessor - JSR-330 'javax.inject.Inject' annotation found and supported for autowiring
[traceId:,span_id:] 2018-06-08 16:05:50.120 [main] [INFO ] o.s.c.s.PostProcessorRegistrationDelegate$BeanPostProcessorChecker - Bean 'configurationPropertiesRebinderAutoConfiguration' of type [org.springframework.cloud.autoconfigure.ConfigurationPropertiesRebinderAutoConfiguration$$EnhancerBySpringCGLIB$$fda2f780] is not eligible for getting processed by all BeanPostProcessors (for example: not eligible for auto-proxying)
[traceId:,span_id:] 2018-06-08 16:05:50.475 [main] [INFO ] c.f.servicehi.ServiceHiApplication - No active profile set, falling back to default profiles: default
[traceId:,span_id:] 2018-06-08 16:05:50.488 [main] [INFO ] o.s.b.w.s.c.AnnotationConfigServletWebServerApplicationContext - Refreshing org.springframework.boot.web.servlet.context.AnnotationConfigServletWebServerApplicationContext@272a179c: startup date [Fri Jun 08 16:05:50 CST 2018]; parent: org.springframework.context.annotation.AnnotationConfigApplicationContext@36f48b4
[traceId:,span_id:] 2018-06-08 16:05:51.527 [main] [INFO ] o.s.cloud.context.scope.GenericScope - BeanFactory id=3f064669-d6ba-3359-97f6-ab28dba35dc9
[traceId:,span_id:] 2018-06-08 16:05:51.543 [main] [INFO ] o.s.b.f.a.AutowiredAnnotationBeanPostProcessor - JSR-330 'javax.inject.Inject' annotation found and supported for autowiring
[traceId:,span_id:] 2018-06-08 16:05:51.640 [main] [INFO ] o.s.c.s.PostProcessorRegistrationDelegate$BeanPostProcessorChecker - Bean 'org.springframework.cloud.autoconfigure.ConfigurationPropertiesRebinderAutoConfiguration' of type [org.springframework.cloud.autoconfigure.ConfigurationPropertiesRebinderAutoConfiguration$$EnhancerBySpringCGLIB$$fda2f780] is not eligible for getting processed by all BeanPostProcessors (for example: not eligible for auto-proxying)
[traceId:,span_id:] 2018-06-08 16:05:51.924 [main] [INFO ] o.s.b.w.e.tomcat.TomcatWebServer - Tomcat initialized with port(s): 8762 (http)
[traceId:,span_id:] 2018-06-08 16:05:51.940 [main] [INFO ] o.a.coyote.http11.Http11NioProtocol - Initializing ProtocolHandler ["http-nio-8762"]
[traceId:,span_id:] 2018-06-08 16:05:51.950 [main] [INFO ] o.a.catalina.core.StandardService - Starting service [Tomcat]
[traceId:,span_id:] 2018-06-08 16:05:51.950 [main] [INFO ] o.a.catalina.core.StandardEngine - Starting Servlet Engine: Apache Tomcat/8.5.31
[traceId:,span_id:] 2018-06-08 16:05:51.954 [localhost-startStop-1] [INFO ] o.a.c.core.AprLifecycleListener - The APR based Apache Tomcat Native library which allows optimal performance in production environments was not found on the java.library.path: [C:\Program Files\Java\jdk1.8.0_152\bin;C:\WINDOWS\Sun\Java\bin;C:\WINDOWS\system32;C:\WINDOWS;C:\ProgramData\Oracle\Java\javapath;C:\WINDOWS\system32;C:\WINDOWS;C:\WINDOWS\System32\Wbem;C:\WINDOWS\System32\WindowsPowerShell\v1.0\;C:\Program Files\Java\jdk1.8.0_152\bin;C:\Program Files\Java\jdk1.8.0_152\jre\bin;D:\soft\nnd\idea\git\Git\cmd;C:\WINDOWS\System32\OpenSSH\;C:\Users\JYKJ\AppData\Local\Microsoft\WindowsApps;;.]
[traceId:,span_id:] 2018-06-08 16:05:52.150 [localhost-startStop-1] [INFO ] o.a.c.c.C.[Tomcat].[localhost].[/] - Initializing Spring embedded WebApplicationContext
[traceId:,span_id:] 2018-06-08 16:05:52.150 [localhost-startStop-1] [INFO ] o.s.web.context.ContextLoader - Root WebApplicationContext: initialization completed in 1662 ms
[traceId:,span_id:] 2018-06-08 16:05:53.246 [localhost-startStop-1] [INFO ] o.s.b.w.s.ServletRegistrationBean - Servlet dispatcherServlet mapped to [/]
[traceId:,span_id:] 2018-06-08 16:05:53.252 [localhost-startStop-1] [INFO ] o.s.b.w.s.FilterRegistrationBean - Mapping filter: 'characterEncodingFilter' to: [/*]
[traceId:,span_id:] 2018-06-08 16:05:53.253 [localhost-startStop-1] [INFO ] o.s.b.w.s.FilterRegistrationBean - Mapping filter: 'hiddenHttpMethodFilter' to: [/*]
[traceId:,span_id:] 2018-06-08 16:05:53.253 [localhost-startStop-1] [INFO ] o.s.b.w.s.FilterRegistrationBean - Mapping filter: 'httpPutFormContentFilter' to: [/*]
[traceId:,span_id:] 2018-06-08 16:05:53.253 [localhost-startStop-1] [INFO ] o.s.b.w.s.FilterRegistrationBean - Mapping filter: 'requestContextFilter' to: [/*]
[traceId:,span_id:] 2018-06-08 16:05:53.253 [localhost-startStop-1] [INFO ] o.s.b.w.s.FilterRegistrationBean - Mapping filter: 'httpTraceFilter' to: [/*]
[traceId:,span_id:] 2018-06-08 16:05:53.253 [localhost-startStop-1] [INFO ] o.s.b.w.s.FilterRegistrationBean - Mapping filter: 'webMvcMetricsFilter' to: [/*]
[traceId:,span_id:] 2018-06-08 16:05:53.347 [main] [WARN ] c.n.c.sources.URLConfigurationSource - No URLs will be polled as dynamic configuration sources.
[traceId:,span_id:] 2018-06-08 16:05:53.348 [main] [INFO ] c.n.c.sources.URLConfigurationSource - To enable URLs as dynamic configuration sources, define System property archaius.configurationSource.additionalUrls or make config.properties available on classpath.
[traceId:,span_id:] 2018-06-08 16:05:53.353 [main] [WARN ] c.n.c.sources.URLConfigurationSource - No URLs will be polled as dynamic configuration sources.
[traceId:,span_id:] 2018-06-08 16:05:53.353 [main] [INFO ] c.n.c.sources.URLConfigurationSource - To enable URLs as dynamic configuration sources, define System property archaius.configurationSource.additionalUrls or make config.properties available on classpath.
[traceId:,span_id:] 2018-06-08 16:05:53.438 [main] [INFO ] o.s.w.s.h.SimpleUrlHandlerMapping - Mapped URL path [/**/favicon.ico] onto handler of type [class org.springframework.web.servlet.resource.ResourceHttpRequestHandler]
[traceId:,span_id:] 2018-06-08 16:05:53.694 [main] [INFO ] o.s.w.s.m.m.a.RequestMappingHandlerAdapter - Looking for @ControllerAdvice: org.springframework.boot.web.servlet.context.AnnotationConfigServletWebServerApplicationContext@272a179c: startup date [Fri Jun 08 16:05:50 CST 2018]; parent: org.springframework.context.annotation.AnnotationConfigApplicationContext@36f48b4
[traceId:,span_id:] 2018-06-08 16:05:53.772 [main] [INFO ] o.s.w.s.m.m.a.RequestMappingHandlerMapping - Mapped "{[/hi]}" onto public java.lang.String com.forezp.servicehi.ServiceHiApplication.home(java.lang.String)
[traceId:,span_id:] 2018-06-08 16:05:53.773 [main] [INFO ] o.s.w.s.m.m.a.RequestMappingHandlerMapping - Mapped "{[/util/date],methods=[GET]}" onto public com.forezp.servicehi.common.rest.RestResponse<java.lang.Void> com.forezp.servicehi.resource.UtilDateResource.getDate()
[traceId:,span_id:] 2018-06-08 16:05:53.773 [main] [INFO ] o.s.w.s.m.m.a.RequestMappingHandlerMapping - Mapped "{[/util/json],methods=[GET]}" onto public com.forezp.servicehi.common.rest.RestResponse<java.lang.Void> com.forezp.servicehi.resource.UtilJsonResource.getJson()
[traceId:,span_id:] 2018-06-08 16:05:53.775 [main] [INFO ] o.s.w.s.m.m.a.RequestMappingHandlerMapping - Mapped "{[/error]}" onto public org.springframework.http.ResponseEntity<java.util.Map<java.lang.String, java.lang.Object>> org.springframework.boot.autoconfigure.web.servlet.error.BasicErrorController.error(javax.servlet.http.HttpServletRequest)
[traceId:,span_id:] 2018-06-08 16:05:53.775 [main] [INFO ] o.s.w.s.m.m.a.RequestMappingHandlerMapping - Mapped "{[/error],produces=[text/html]}" onto public org.springframework.web.servlet.ModelAndView org.springframework.boot.autoconfigure.web.servlet.error.BasicErrorController.errorHtml(javax.servlet.http.HttpServletRequest,javax.servlet.http.HttpServletResponse)
[traceId:,span_id:] 2018-06-08 16:05:53.816 [main] [INFO ] o.s.w.s.h.SimpleUrlHandlerMapping - Mapped URL path [/webjars/**] onto handler of type [class org.springframework.web.servlet.resource.ResourceHttpRequestHandler]
[traceId:,span_id:] 2018-06-08 16:05:53.816 [main] [INFO ] o.s.w.s.h.SimpleUrlHandlerMapping - Mapped URL path [/**] onto handler of type [class org.springframework.web.servlet.resource.ResourceHttpRequestHandler]
[traceId:,span_id:] 2018-06-08 16:05:53.840 [main] [INFO ] o.s.w.s.m.m.a.ExceptionHandlerExceptionResolver - Detected @ExceptionHandler methods in restExceptionHandler
[traceId:,span_id:] 2018-06-08 16:05:54.292 [main] [INFO ] o.s.u.f.SpringTemplateLoader - SpringTemplateLoader for FreeMarker: using resource loader [org.springframework.boot.web.servlet.context.AnnotationConfigServletWebServerApplicationContext@272a179c: startup date [Fri Jun 08 16:05:50 CST 2018]; parent: org.springframework.context.annotation.AnnotationConfigApplicationContext@36f48b4] and template loader path [classpath:/templates/]
[traceId:,span_id:] 2018-06-08 16:05:54.293 [main] [INFO ] o.s.w.s.v.f.FreeMarkerConfigurer - ClassTemplateLoader for Spring macros added to FreeMarker configuration
[traceId:,span_id:] 2018-06-08 16:05:54.509 [main] [INFO ] o.s.b.a.e.web.EndpointLinksResolver - Exposing 2 endpoint(s) beneath base path '/actuator'
[traceId:,span_id:] 2018-06-08 16:05:54.525 [main] [INFO ] o.s.b.a.e.w.s.WebMvcEndpointHandlerMapping - Mapped "{[/actuator/health],methods=[GET],produces=[application/vnd.spring-boot.actuator.v2+json || application/json]}" onto public java.lang.Object org.springframework.boot.actuate.endpoint.web.servlet.AbstractWebMvcEndpointHandlerMapping$OperationHandler.handle(javax.servlet.http.HttpServletRequest,java.util.Map<java.lang.String, java.lang.String>)
[traceId:,span_id:] 2018-06-08 16:05:54.526 [main] [INFO ] o.s.b.a.e.w.s.WebMvcEndpointHandlerMapping - Mapped "{[/actuator/info],methods=[GET],produces=[application/vnd.spring-boot.actuator.v2+json || application/json]}" onto public java.lang.Object org.springframework.boot.actuate.endpoint.web.servlet.AbstractWebMvcEndpointHandlerMapping$OperationHandler.handle(javax.servlet.http.HttpServletRequest,java.util.Map<java.lang.String, java.lang.String>)
[traceId:,span_id:] 2018-06-08 16:05:54.527 [main] [INFO ] o.s.b.a.e.w.s.WebMvcEndpointHandlerMapping - Mapped "{[/actuator],methods=[GET],produces=[application/vnd.spring-boot.actuator.v2+json || application/json]}" onto protected java.util.Map<java.lang.String, java.util.Map<java.lang.String, org.springframework.boot.actuate.endpoint.web.Link>> org.springframework.boot.actuate.endpoint.web.servlet.WebMvcEndpointHandlerMapping.links(javax.servlet.http.HttpServletRequest,javax.servlet.http.HttpServletResponse)
[traceId:,span_id:] 2018-06-08 16:05:54.586 [main] [INFO ] o.s.j.e.a.AnnotationMBeanExporter - Registering beans for JMX exposure on startup
[traceId:,span_id:] 2018-06-08 16:05:54.595 [main] [INFO ] o.s.j.e.a.AnnotationMBeanExporter - Bean with name 'environmentManager' has been autodetected for JMX exposure
[traceId:,span_id:] 2018-06-08 16:05:54.597 [main] [INFO ] o.s.j.e.a.AnnotationMBeanExporter - Bean with name 'configurationPropertiesRebinder' has been autodetected for JMX exposure
[traceId:,span_id:] 2018-06-08 16:05:54.597 [main] [INFO ] o.s.j.e.a.AnnotationMBeanExporter - Bean with name 'refreshScope' has been autodetected for JMX exposure
[traceId:,span_id:] 2018-06-08 16:05:54.602 [main] [INFO ] o.s.j.e.a.AnnotationMBeanExporter - Located managed bean 'environmentManager': registering with JMX server as MBean [org.springframework.cloud.context.environment:name=environmentManager,type=EnvironmentManager]
[traceId:,span_id:] 2018-06-08 16:05:54.609 [main] [INFO ] o.s.j.e.a.AnnotationMBeanExporter - Located managed bean 'refreshScope': registering with JMX server as MBean [org.springframework.cloud.context.scope.refresh:name=refreshScope,type=RefreshScope]
[traceId:,span_id:] 2018-06-08 16:05:54.622 [main] [INFO ] o.s.j.e.a.AnnotationMBeanExporter - Located managed bean 'configurationPropertiesRebinder': registering with JMX server as MBean [org.springframework.cloud.context.properties:name=configurationPropertiesRebinder,context=272a179c,type=ConfigurationPropertiesRebinder]
[traceId:,span_id:] 2018-06-08 16:05:54.631 [main] [INFO ] o.s.c.s.DefaultLifecycleProcessor - Starting beans in phase 0
[traceId:,span_id:] 2018-06-08 16:05:54.640 [main] [INFO ] o.s.c.n.eureka.InstanceInfoFactory - Setting initial instance status as: STARTING
[traceId:,span_id:] 2018-06-08 16:05:54.741 [main] [INFO ] c.netflix.discovery.DiscoveryClient - Initializing Eureka in region us-east-1
[traceId:,span_id:] 2018-06-08 16:05:55.054 [main] [INFO ] c.n.d.p.DiscoveryJerseyProvider - Using JSON encoding codec LegacyJacksonJson
[traceId:,span_id:] 2018-06-08 16:05:55.054 [main] [INFO ] c.n.d.p.DiscoveryJerseyProvider - Using JSON decoding codec LegacyJacksonJson
[traceId:,span_id:] 2018-06-08 16:05:55.155 [main] [INFO ] c.n.d.p.DiscoveryJerseyProvider - Using XML encoding codec XStreamXml
[traceId:,span_id:] 2018-06-08 16:05:55.155 [main] [INFO ] c.n.d.p.DiscoveryJerseyProvider - Using XML decoding codec XStreamXml
[traceId:,span_id:] 2018-06-08 16:05:55.482 [main] [INFO ] c.n.d.s.r.aws.ConfigClusterResolver - Resolving eureka endpoints via configuration
[traceId:,span_id:] 2018-06-08 16:05:55.540 [main] [INFO ] c.netflix.discovery.DiscoveryClient - Disable delta property : false
[traceId:,span_id:] 2018-06-08 16:05:55.540 [main] [INFO ] c.netflix.discovery.DiscoveryClient - Single vip registry refresh property : null
[traceId:,span_id:] 2018-06-08 16:05:55.540 [main] [INFO ] c.netflix.discovery.DiscoveryClient - Force full registry fetch : false
[traceId:,span_id:] 2018-06-08 16:05:55.540 [main] [INFO ] c.netflix.discovery.DiscoveryClient - Application is null : false
[traceId:,span_id:] 2018-06-08 16:05:55.540 [main] [INFO ] c.netflix.discovery.DiscoveryClient - Registered Applications size is zero : true
[traceId:,span_id:] 2018-06-08 16:05:55.540 [main] [INFO ] c.netflix.discovery.DiscoveryClient - Application version is -1: true
[traceId:,span_id:] 2018-06-08 16:05:55.540 [main] [INFO ] c.netflix.discovery.DiscoveryClient - Getting all instance registry info from the eureka server
[traceId:,span_id:] 2018-06-08 16:05:55.902 [main] [INFO ] c.netflix.discovery.DiscoveryClient - The response status is 200
[traceId:,span_id:] 2018-06-08 16:05:55.903 [main] [INFO ] c.netflix.discovery.DiscoveryClient - Starting heartbeat executor: renew interval is: 30
[traceId:,span_id:] 2018-06-08 16:05:55.905 [main] [INFO ] c.n.discovery.InstanceInfoReplicator - InstanceInfoReplicator onDemand update allowed rate per min is 4
[traceId:,span_id:] 2018-06-08 16:05:55.908 [main] [INFO ] c.netflix.discovery.DiscoveryClient - Discovery Client initialized at timestamp 1528445155907 with initial instances count: 0
[traceId:,span_id:] 2018-06-08 16:05:55.912 [main] [INFO ] o.s.c.n.e.s.EurekaServiceRegistry - Registering application service-hi with eureka with status UP
[traceId:,span_id:] 2018-06-08 16:05:55.913 [main] [INFO ] c.netflix.discovery.DiscoveryClient - Saw local status change event StatusChangeEvent [timestamp=1528445155913, current=UP, previous=STARTING]
[traceId:,span_id:] 2018-06-08 16:05:55.917 [DiscoveryClient-InstanceInfoReplicator-0] [INFO ] c.netflix.discovery.DiscoveryClient - DiscoveryClient_SERVICE-HI/DESKTOP-CCCD7LS:service-hi:8762: registering service...
[traceId:,span_id:] 2018-06-08 16:05:55.933 [main] [INFO ] o.a.coyote.http11.Http11NioProtocol - Starting ProtocolHandler ["http-nio-8762"]
[traceId:,span_id:] 2018-06-08 16:05:55.943 [main] [INFO ] o.a.tomcat.util.net.NioSelectorPool - Using a shared selector for servlet write/read
[traceId:,span_id:] 2018-06-08 16:05:55.963 [main] [INFO ] o.s.b.w.e.tomcat.TomcatWebServer - Tomcat started on port(s): 8762 (http) with context path ''
[traceId:,span_id:] 2018-06-08 16:05:55.964 [main] [INFO ] o.s.c.n.e.s.EurekaAutoServiceRegistration - Updating port to 8762
[traceId:,span_id:] 2018-06-08 16:05:55.967 [main] [INFO ] c.f.servicehi.ServiceHiApplication - Started ServiceHiApplication in 7.63 seconds (JVM running for 8.429)
[traceId:,span_id:] 2018-06-08 16:05:56.052 [DiscoveryClient-InstanceInfoReplicator-0] [INFO ] c.netflix.discovery.DiscoveryClient - DiscoveryClient_SERVICE-HI/DESKTOP-CCCD7LS:service-hi:8762 - registration status: 204
[traceId:,span_id:] 2018-06-08 16:06:25.905 [DiscoveryClient-CacheRefreshExecutor-0] [INFO ] c.netflix.discovery.DiscoveryClient - Disable delta property : false
[traceId:,span_id:] 2018-06-08 16:06:25.906 [DiscoveryClient-CacheRefreshExecutor-0] [INFO ] c.netflix.discovery.DiscoveryClient - Single vip registry refresh property : null
[traceId:,span_id:] 2018-06-08 16:06:25.906 [DiscoveryClient-CacheRefreshExecutor-0] [INFO ] c.netflix.discovery.DiscoveryClient - Force full registry fetch : false
[traceId:,span_id:] 2018-06-08 16:06:25.906 [DiscoveryClient-CacheRefreshExecutor-0] [INFO ] c.netflix.discovery.DiscoveryClient - Application is null : false
[traceId:,span_id:] 2018-06-08 16:06:25.906 [DiscoveryClient-CacheRefreshExecutor-0] [INFO ] c.netflix.discovery.DiscoveryClient - Registered Applications size is zero : true
[traceId:,span_id:] 2018-06-08 16:06:25.906 [DiscoveryClient-CacheRefreshExecutor-0] [INFO ] c.netflix.discovery.DiscoveryClient - Application version is -1: false
[traceId:,span_id:] 2018-06-08 16:06:25.907 [DiscoveryClient-CacheRefreshExecutor-0] [INFO ] c.netflix.discovery.DiscoveryClient - Getting all instance registry info from the eureka server
[traceId:,span_id:] 2018-06-08 16:06:25.961 [DiscoveryClient-CacheRefreshExecutor-0] [INFO ] c.netflix.discovery.DiscoveryClient - The response status is 200
[traceId:,span_id:] 2018-06-08 16:06:26.542 [http-nio-8762-exec-1] [INFO ] o.a.c.c.C.[Tomcat].[localhost].[/] - Initializing Spring FrameworkServlet 'dispatcherServlet'
[traceId:,span_id:] 2018-06-08 16:06:26.542 [http-nio-8762-exec-1] [INFO ] o.s.web.servlet.DispatcherServlet - FrameworkServlet 'dispatcherServlet': initialization started
[traceId:,span_id:] 2018-06-08 16:06:26.563 [http-nio-8762-exec-1] [INFO ] o.s.web.servlet.DispatcherServlet - FrameworkServlet 'dispatcherServlet': initialization completed in 20 ms
[traceId:,span_id:] 2018-06-08 16:06:44.139 [http-nio-8762-exec-2] [INFO ] c.f.s.service.UtilDateService - a1=DateUtil.getCurrentDate()=2018-06-08
[traceId:,span_id:] 2018-06-08 16:06:44.139 [http-nio-8762-exec-2] [INFO ] c.f.s.service.UtilDateService - a2=DateUtil.getCurrentDateShort()=20180608
[traceId:,span_id:] 2018-06-08 16:06:44.139 [http-nio-8762-exec-2] [INFO ] c.f.s.service.UtilDateService - a3=DateUtil.getCurrentDateTime()=20180608 16:06:44
[traceId:,span_id:] 2018-06-08 16:06:44.139 [http-nio-8762-exec-2] [INFO ] c.f.s.service.UtilDateService - a4=DateUtil.getCurrentDateTime14()=20180608160644
[traceId:,span_id:] 2018-06-08 16:06:44.140 [http-nio-8762-exec-2] [INFO ] c.f.s.service.UtilDateService - a5=DateUtil.getCurrentDateTime17()=20180608 16:06:44
[traceId:,span_id:] 2018-06-08 16:06:44.140 [http-nio-8762-exec-2] [INFO ] c.f.s.service.UtilDateService - a6=DateUtil.getCurrentDateTime19()=2018-06-08 16:06:44
[traceId:,span_id:] 2018-06-08 16:06:44.140 [http-nio-8762-exec-2] [INFO ] c.f.s.service.UtilDateService - a7=DateUtil.getCurrentDateTime(DATE_8_DATE_STR)=20180606
[traceId:,span_id:] 2018-06-08 16:06:44.140 [http-nio-8762-exec-2] [INFO ] c.f.s.service.UtilDateService - a8=DateUtil.getCurrentDateTime(DateTimeFormatter formatter)=20180608
[traceId:,span_id:] 2018-06-08 16:06:44.140 [http-nio-8762-exec-2] [INFO ] c.f.s.service.UtilDateService - a9=DateUtil.getDateTimeStr()=1970-01-01 08:00:00
[traceId:,span_id:] 2018-06-08 16:06:44.140 [http-nio-8762-exec-2] [INFO ] c.f.s.service.UtilDateService - a10=DateUtil.getDateStr(LocalDate dateTime, DateTimeFormatter formatter)=2018-06-08
[traceId:,span_id:] 2018-06-08 16:06:44.171 [http-nio-8762-exec-2] [INFO ] c.f.s.service.UtilDateService - a11=DateUtil.parseDateTime(String dateTime, DateTimeFormatter formatter)=2018-06-06T18:08:58
[traceId:,span_id:] 2018-06-08 16:06:44.172 [http-nio-8762-exec-2] [INFO ] c.f.s.service.UtilDateService - a12=DateUtil.parseDate(String date, DateTimeFormatter formatter)=2018-06-06
[traceId:,span_id:] 2018-06-08 16:06:44.172 [http-nio-8762-exec-2] [INFO ] c.f.s.service.UtilDateService - a13=DateUtil.betweenDays(String startDateStr, String endDateStr)=0
[traceId:,span_id:] 2018-06-08 16:06:44.173 [http-nio-8762-exec-2] [INFO ] c.f.s.service.UtilDateService - a14=DateUtil.betweenDays(LocalDate startDate, LocalDate endDate)=0
[traceId:,span_id:] 2018-06-08 16:06:44.174 [http-nio-8762-exec-2] [INFO ] c.f.s.service.UtilDateService - a15=DateUtil.betweenDays(LocalDateTime startDateTime, LocalDateTime endDateTime)=a1=0
[traceId:,span_id:] 2018-06-08 16:06:44.174 [http-nio-8762-exec-2] [INFO ] c.f.s.service.UtilDateService - a16=DateUtil.getAddDays(String startDate, Long days)=2018-06-09
[traceId:,span_id:] 2018-06-08 16:06:44.174 [http-nio-8762-exec-2] [INFO ] c.f.s.service.UtilDateService - a17=DateUtil.getAddDays(LocalDate startDate, Long days)=2018-06-11
[traceId:,span_id:] 2018-06-08 16:06:44.174 [http-nio-8762-exec-2] [INFO ] c.f.s.service.UtilDateService - a18=DateUtil.getMinusMonths(String startDate, Long months)=2018-03-06
[traceId:,span_id:] 2018-06-08 16:06:44.174 [http-nio-8762-exec-2] [INFO ] c.f.s.service.UtilDateService - a19=DateUtil.getMinusMonths(LocalDate startDate, Long months)=2018-03-08
[traceId:,span_id:] 2018-06-08 16:06:44.174 [http-nio-8762-exec-2] [INFO ] c.f.s.service.UtilDateService - a20=DateUtil.getMinusYears(String startDate, Long years)=2015-06-06
[traceId:,span_id:] 2018-06-08 16:06:44.174 [http-nio-8762-exec-2] [INFO ] c.f.s.service.UtilDateService - a21=DateUtil.getMinusYears(String startDate, Long years)=2015-06-06
[traceId:,span_id:] 2018-06-08 16:06:44.174 [http-nio-8762-exec-2] [INFO ] c.f.s.service.UtilDateService - a22=DateUtil.getMinusYears(LocalDate startDate, Long years)=2015-06-08
[traceId:,span_id:] 2018-06-08 16:06:44.175 [http-nio-8762-exec-2] [INFO ] c.f.s.service.UtilDateService - a23=DateUtil.dateToLocalDateTime(Date date)=2018-06-08T16:06:44.134
[traceId:,span_id:] 2018-06-08 16:06:44.175 [http-nio-8762-exec-2] [INFO ] c.f.s.service.UtilDateService - a24=DateUtil.dateToLocalDate(Date date)=2018-06-08
[traceId:,span_id:] 2018-06-08 16:06:44.175 [http-nio-8762-exec-2] [INFO ] c.f.s.service.UtilDateService - a25=DateUtil.getDate10Str(Date date)=2018-06-08
[traceId:,span_id:] 2018-06-08 16:06:44.175 [http-nio-8762-exec-2] [INFO ] c.f.s.service.UtilDateService - a26=DateUtil.getDateTime19Str(Date date)=2018-06-08 16:06:44
[traceId:,span_id:] 2018-06-08 16:06:44.175 [http-nio-8762-exec-2] [INFO ] c.f.s.service.UtilDateService - a27=DateUtil.getDate8Str(Date date)=20180608
[traceId:,span_id:] 2018-06-08 16:06:44.186 [http-nio-8762-exec-2] [INFO ] c.f.s.service.UtilDateService - a29=DateUtil.getFirstDayOfMonth()=2018-06-01
[traceId:,span_id:] 2018-06-08 16:06:44.187 [http-nio-8762-exec-2] [INFO ] c.f.s.service.UtilDateService - a30=DateUtil.getLastDayOfMonth()=2018-06-30
[traceId:,span_id:] 2018-06-08 16:06:44.187 [http-nio-8762-exec-2] [INFO ] c.f.s.service.UtilDateService - a31=DateUtil.getCurrentDateOfYear()=2018
[traceId:,span_id:] 2018-06-08 16:06:44.187 [http-nio-8762-exec-2] [INFO ] c.f.s.service.UtilDateService - a32=DateUtil.getCurrentDateOfMonth()=6
[traceId:,span_id:] 2018-06-08 16:07:20.593 [http-nio-8762-exec-2] [INFO ] c.f.s.service.UtilDateService - Calendar.HOUR_OF_DAY,today=Fri Jun 08 16:06:44 CST 2018,lastday=Fri Jun 08 15:06:44 CST 2018
[traceId:,span_id:] 2018-06-08 16:08:37.302 [main] [INFO ] o.s.c.a.AnnotationConfigApplicationContext - Refreshing org.springframework.context.annotation.AnnotationConfigApplicationContext@42463763: startup date [Fri Jun 08 16:08:37 CST 2018]; root of context hierarchy
[traceId:,span_id:] 2018-06-08 16:08:37.496 [main] [INFO ] o.s.b.f.a.AutowiredAnnotationBeanPostProcessor - JSR-330 'javax.inject.Inject' annotation found and supported for autowiring
[traceId:,span_id:] 2018-06-08 16:08:37.532 [main] [INFO ] o.s.c.s.PostProcessorRegistrationDelegate$BeanPostProcessorChecker - Bean 'configurationPropertiesRebinderAutoConfiguration' of type [org.springframework.cloud.autoconfigure.ConfigurationPropertiesRebinderAutoConfiguration$$EnhancerBySpringCGLIB$$8745d6fb] is not eligible for getting processed by all BeanPostProcessors (for example: not eligible for auto-proxying)
[traceId:,span_id:] 2018-06-08 16:08:37.758 [main] [INFO ] c.f.servicehi.ServiceHiApplication - No active profile set, falling back to default profiles: default
[traceId:,span_id:] 2018-06-08 16:08:37.773 [main] [INFO ] o.s.b.w.s.c.AnnotationConfigServletWebServerApplicationContext - Refreshing org.springframework.boot.web.servlet.context.AnnotationConfigServletWebServerApplicationContext@a8a8b75: startup date [Fri Jun 08 16:08:37 CST 2018]; parent: org.springframework.context.annotation.AnnotationConfigApplicationContext@42463763
[traceId:,span_id:] 2018-06-08 16:08:38.559 [main] [INFO ] o.s.cloud.context.scope.GenericScope - BeanFactory id=3f064669-d6ba-3359-97f6-ab28dba35dc9
[traceId:,span_id:] 2018-06-08 16:08:38.577 [main] [INFO ] o.s.b.f.a.AutowiredAnnotationBeanPostProcessor - JSR-330 'javax.inject.Inject' annotation found and supported for autowiring
[traceId:,span_id:] 2018-06-08 16:08:38.673 [main] [INFO ] o.s.c.s.PostProcessorRegistrationDelegate$BeanPostProcessorChecker - Bean 'org.springframework.cloud.autoconfigure.ConfigurationPropertiesRebinderAutoConfiguration' of type [org.springframework.cloud.autoconfigure.ConfigurationPropertiesRebinderAutoConfiguration$$EnhancerBySpringCGLIB$$8745d6fb] is not eligible for getting processed by all BeanPostProcessors (for example: not eligible for auto-proxying)
[traceId:,span_id:] 2018-06-08 16:08:38.939 [main] [INFO ] o.s.b.w.e.tomcat.TomcatWebServer - Tomcat initialized with port(s): 8762 (http)
[traceId:,span_id:] 2018-06-08 16:08:38.952 [main] [INFO ] o.a.coyote.http11.Http11NioProtocol - Initializing ProtocolHandler ["http-nio-8762"]
[traceId:,span_id:] 2018-06-08 16:08:38.962 [main] [INFO ] o.a.catalina.core.StandardService - Starting service [Tomcat]
[traceId:,span_id:] 2018-06-08 16:08:38.962 [main] [INFO ] o.a.catalina.core.StandardEngine - Starting Servlet Engine: Apache Tomcat/8.5.31
[traceId:,span_id:] 2018-06-08 16:08:38.966 [localhost-startStop-1] [INFO ] o.a.c.core.AprLifecycleListener - The APR based Apache Tomcat Native library which allows optimal performance in production environments was not found on the java.library.path: [C:\Program Files\Java\jdk1.8.0_152\bin;C:\WINDOWS\Sun\Java\bin;C:\WINDOWS\system32;C:\WINDOWS;C:\ProgramData\Oracle\Java\javapath;C:\WINDOWS\system32;C:\WINDOWS;C:\WINDOWS\System32\Wbem;C:\WINDOWS\System32\WindowsPowerShell\v1.0\;C:\Program Files\Java\jdk1.8.0_152\bin;C:\Program Files\Java\jdk1.8.0_152\jre\bin;D:\soft\nnd\idea\git\Git\cmd;C:\WINDOWS\System32\OpenSSH\;C:\Users\JYKJ\AppData\Local\Microsoft\WindowsApps;;.]
[traceId:,span_id:] 2018-06-08 16:08:39.110 [localhost-startStop-1] [INFO ] o.a.c.c.C.[Tomcat].[localhost].[/] - Initializing Spring embedded WebApplicationContext
[traceId:,span_id:] 2018-06-08 16:08:39.110 [localhost-startStop-1] [INFO ] o.s.web.context.ContextLoader - Root WebApplicationContext: initialization completed in 1337 ms
[traceId:,span_id:] 2018-06-08 16:08:40.180 [localhost-startStop-1] [INFO ] o.s.b.w.s.ServletRegistrationBean - Servlet dispatcherServlet mapped to [/]
[traceId:,span_id:] 2018-06-08 16:08:40.186 [localhost-startStop-1] [INFO ] o.s.b.w.s.FilterRegistrationBean - Mapping filter: 'characterEncodingFilter' to: [/*]
[traceId:,span_id:] 2018-06-08 16:08:40.187 [localhost-startStop-1] [INFO ] o.s.b.w.s.FilterRegistrationBean - Mapping filter: 'hiddenHttpMethodFilter' to: [/*]
[traceId:,span_id:] 2018-06-08 16:08:40.187 [localhost-startStop-1] [INFO ] o.s.b.w.s.FilterRegistrationBean - Mapping filter: 'httpPutFormContentFilter' to: [/*]
[traceId:,span_id:] 2018-06-08 16:08:40.187 [localhost-startStop-1] [INFO ] o.s.b.w.s.FilterRegistrationBean - Mapping filter: 'requestContextFilter' to: [/*]
[traceId:,span_id:] 2018-06-08 16:08:40.187 [localhost-startStop-1] [INFO ] o.s.b.w.s.FilterRegistrationBean - Mapping filter: 'httpTraceFilter' to: [/*]
[traceId:,span_id:] 2018-06-08 16:08:40.187 [localhost-startStop-1] [INFO ] o.s.b.w.s.FilterRegistrationBean - Mapping filter: 'webMvcMetricsFilter' to: [/*]
[traceId:,span_id:] 2018-06-08 16:08:40.263 [main] [WARN ] c.n.c.sources.URLConfigurationSource - No URLs will be polled as dynamic configuration sources.
[traceId:,span_id:] 2018-06-08 16:08:40.263 [main] [INFO ] c.n.c.sources.URLConfigurationSource - To enable URLs as dynamic configuration sources, define System property archaius.configurationSource.additionalUrls or make config.properties available on classpath.
[traceId:,span_id:] 2018-06-08 16:08:40.267 [main] [WARN ] c.n.c.sources.URLConfigurationSource - No URLs will be polled as dynamic configuration sources.
[traceId:,span_id:] 2018-06-08 16:08:40.267 [main] [INFO ] c.n.c.sources.URLConfigurationSource - To enable URLs as dynamic configuration sources, define System property archaius.configurationSource.additionalUrls or make config.properties available on classpath.
[traceId:,span_id:] 2018-06-08 16:08:40.354 [main] [INFO ] o.s.w.s.h.SimpleUrlHandlerMapping - Mapped URL path [/**/favicon.ico] onto handler of type [class org.springframework.web.servlet.resource.ResourceHttpRequestHandler]
[traceId:,span_id:] 2018-06-08 16:08:40.597 [main] [INFO ] o.s.w.s.m.m.a.RequestMappingHandlerAdapter - Looking for @ControllerAdvice: org.springframework.boot.web.servlet.context.AnnotationConfigServletWebServerApplicationContext@a8a8b75: startup date [Fri Jun 08 16:08:37 CST 2018]; parent: org.springframework.context.annotation.AnnotationConfigApplicationContext@42463763
[traceId:,span_id:] 2018-06-08 16:08:40.677 [main] [INFO ] o.s.w.s.m.m.a.RequestMappingHandlerMapping - Mapped "{[/hi]}" onto public java.lang.String com.forezp.servicehi.ServiceHiApplication.home(java.lang.String)
[traceId:,span_id:] 2018-06-08 16:08:40.680 [main] [INFO ] o.s.w.s.m.m.a.RequestMappingHandlerMapping - Mapped "{[/util/date],methods=[GET]}" onto public com.forezp.servicehi.common.rest.RestResponse<java.lang.Void> com.forezp.servicehi.resource.UtilDateResource.getDate()
[traceId:,span_id:] 2018-06-08 16:08:40.680 [main] [INFO ] o.s.w.s.m.m.a.RequestMappingHandlerMapping - Mapped "{[/util/json],methods=[GET]}" onto public com.forezp.servicehi.common.rest.RestResponse<java.lang.Void> com.forezp.servicehi.resource.UtilJsonResource.getJson()
[traceId:,span_id:] 2018-06-08 16:08:40.682 [main] [INFO ] o.s.w.s.m.m.a.RequestMappingHandlerMapping - Mapped "{[/error]}" onto public org.springframework.http.ResponseEntity<java.util.Map<java.lang.String, java.lang.Object>> org.springframework.boot.autoconfigure.web.servlet.error.BasicErrorController.error(javax.servlet.http.HttpServletRequest)
[traceId:,span_id:] 2018-06-08 16:08:40.682 [main] [INFO ] o.s.w.s.m.m.a.RequestMappingHandlerMapping - Mapped "{[/error],produces=[text/html]}" onto public org.springframework.web.servlet.ModelAndView org.springframework.boot.autoconfigure.web.servlet.error.BasicErrorController.errorHtml(javax.servlet.http.HttpServletRequest,javax.servlet.http.HttpServletResponse)
[traceId:,span_id:] 2018-06-08 16:08:40.713 [main] [INFO ] o.s.w.s.h.SimpleUrlHandlerMapping - Mapped URL path [/webjars/**] onto handler of type [class org.springframework.web.servlet.resource.ResourceHttpRequestHandler]
[traceId:,span_id:] 2018-06-08 16:08:40.713 [main] [INFO ] o.s.w.s.h.SimpleUrlHandlerMapping - Mapped URL path [/**] onto handler of type [class org.springframework.web.servlet.resource.ResourceHttpRequestHandler]
[traceId:,span_id:] 2018-06-08 16:08:40.732 [main] [INFO ] o.s.w.s.m.m.a.ExceptionHandlerExceptionResolver - Detected @ExceptionHandler methods in restExceptionHandler
[traceId:,span_id:] 2018-06-08 16:08:41.151 [main] [INFO ] o.s.u.f.SpringTemplateLoader - SpringTemplateLoader for FreeMarker: using resource loader [org.springframework.boot.web.servlet.context.AnnotationConfigServletWebServerApplicationContext@a8a8b75: startup date [Fri Jun 08 16:08:37 CST 2018]; parent: org.springframework.context.annotation.AnnotationConfigApplicationContext@42463763] and template loader path [classpath:/templates/]
[traceId:,span_id:] 2018-06-08 16:08:41.151 [main] [INFO ] o.s.w.s.v.f.FreeMarkerConfigurer - ClassTemplateLoader for Spring macros added to FreeMarker configuration
[traceId:,span_id:] 2018-06-08 16:08:41.321 [main] [INFO ] o.s.b.a.e.web.EndpointLinksResolver - Exposing 2 endpoint(s) beneath base path '/actuator'
[traceId:,span_id:] 2018-06-08 16:08:41.334 [main] [INFO ] o.s.b.a.e.w.s.WebMvcEndpointHandlerMapping - Mapped "{[/actuator/health],methods=[GET],produces=[application/vnd.spring-boot.actuator.v2+json || application/json]}" onto public java.lang.Object org.springframework.boot.actuate.endpoint.web.servlet.AbstractWebMvcEndpointHandlerMapping$OperationHandler.handle(javax.servlet.http.HttpServletRequest,java.util.Map<java.lang.String, java.lang.String>)
[traceId:,span_id:] 2018-06-08 16:08:41.336 [main] [INFO ] o.s.b.a.e.w.s.WebMvcEndpointHandlerMapping - Mapped "{[/actuator/info],methods=[GET],produces=[application/vnd.spring-boot.actuator.v2+json || application/json]}" onto public java.lang.Object org.springframework.boot.actuate.endpoint.web.servlet.AbstractWebMvcEndpointHandlerMapping$OperationHandler.handle(javax.servlet.http.HttpServletRequest,java.util.Map<java.lang.String, java.lang.String>)
[traceId:,span_id:] 2018-06-08 16:08:41.337 [main] [INFO ] o.s.b.a.e.w.s.WebMvcEndpointHandlerMapping - Mapped "{[/actuator],methods=[GET],produces=[application/vnd.spring-boot.actuator.v2+json || application/json]}" onto protected java.util.Map<java.lang.String, java.util.Map<java.lang.String, org.springframework.boot.actuate.endpoint.web.Link>> org.springframework.boot.actuate.endpoint.web.servlet.WebMvcEndpointHandlerMapping.links(javax.servlet.http.HttpServletRequest,javax.servlet.http.HttpServletResponse)
[traceId:,span_id:] 2018-06-08 16:08:41.394 [main] [INFO ] o.s.j.e.a.AnnotationMBeanExporter - Registering beans for JMX exposure on startup
[traceId:,span_id:] 2018-06-08 16:08:41.405 [main] [INFO ] o.s.j.e.a.AnnotationMBeanExporter - Bean with name 'environmentManager' has been autodetected for JMX exposure
[traceId:,span_id:] 2018-06-08 16:08:41.407 [main] [INFO ] o.s.j.e.a.AnnotationMBeanExporter - Bean with name 'configurationPropertiesRebinder' has been autodetected for JMX exposure
[traceId:,span_id:] 2018-06-08 16:08:41.407 [main] [INFO ] o.s.j.e.a.AnnotationMBeanExporter - Bean with name 'refreshScope' has been autodetected for JMX exposure
[traceId:,span_id:] 2018-06-08 16:08:41.410 [main] [INFO ] o.s.j.e.a.AnnotationMBeanExporter - Located managed bean 'environmentManager': registering with JMX server as MBean [org.springframework.cloud.context.environment:name=environmentManager,type=EnvironmentManager]
[traceId:,span_id:] 2018-06-08 16:08:41.421 [main] [INFO ] o.s.j.e.a.AnnotationMBeanExporter - Located managed bean 'refreshScope': registering with JMX server as MBean [org.springframework.cloud.context.scope.refresh:name=refreshScope,type=RefreshScope]
[traceId:,span_id:] 2018-06-08 16:08:41.433 [main] [INFO ] o.s.j.e.a.AnnotationMBeanExporter - Located managed bean 'configurationPropertiesRebinder': registering with JMX server as MBean [org.springframework.cloud.context.properties:name=configurationPropertiesRebinder,context=a8a8b75,type=ConfigurationPropertiesRebinder]
[traceId:,span_id:] 2018-06-08 16:08:41.443 [main] [INFO ] o.s.c.s.DefaultLifecycleProcessor - Starting beans in phase 0
[traceId:,span_id:] 2018-06-08 16:08:41.453 [main] [INFO ] o.s.c.n.eureka.InstanceInfoFactory - Setting initial instance status as: STARTING
[traceId:,span_id:] 2018-06-08 16:08:41.495 [main] [INFO ] c.netflix.discovery.DiscoveryClient - Initializing Eureka in region us-east-1
[traceId:,span_id:] 2018-06-08 16:08:41.714 [main] [INFO ] c.n.d.p.DiscoveryJerseyProvider - Using JSON encoding codec LegacyJacksonJson
[traceId:,span_id:] 2018-06-08 16:08:41.714 [main] [INFO ] c.n.d.p.DiscoveryJerseyProvider - Using JSON decoding codec LegacyJacksonJson
[traceId:,span_id:] 2018-06-08 16:08:41.810 [main] [INFO ] c.n.d.p.DiscoveryJerseyProvider - Using XML encoding codec XStreamXml
[traceId:,span_id:] 2018-06-08 16:08:41.810 [main] [INFO ] c.n.d.p.DiscoveryJerseyProvider - Using XML decoding codec XStreamXml
[traceId:,span_id:] 2018-06-08 16:08:42.067 [main] [INFO ] c.n.d.s.r.aws.ConfigClusterResolver - Resolving eureka endpoints via configuration
[traceId:,span_id:] 2018-06-08 16:08:42.109 [main] [INFO ] c.netflix.discovery.DiscoveryClient - Disable delta property : false
[traceId:,span_id:] 2018-06-08 16:08:42.110 [main] [INFO ] c.netflix.discovery.DiscoveryClient - Single vip registry refresh property : null
[traceId:,span_id:] 2018-06-08 16:08:42.110 [main] [INFO ] c.netflix.discovery.DiscoveryClient - Force full registry fetch : false
[traceId:,span_id:] 2018-06-08 16:08:42.110 [main] [INFO ] c.netflix.discovery.DiscoveryClient - Application is null : false
[traceId:,span_id:] 2018-06-08 16:08:42.110 [main] [INFO ] c.netflix.discovery.DiscoveryClient - Registered Applications size is zero : true
[traceId:,span_id:] 2018-06-08 16:08:42.110 [main] [INFO ] c.netflix.discovery.DiscoveryClient - Application version is -1: true
[traceId:,span_id:] 2018-06-08 16:08:42.110 [main] [INFO ] c.netflix.discovery.DiscoveryClient - Getting all instance registry info from the eureka server
[traceId:,span_id:] 2018-06-08 16:08:42.295 [main] [INFO ] c.netflix.discovery.DiscoveryClient - The response status is 200
[traceId:,span_id:] 2018-06-08 16:08:42.303 [main] [INFO ] c.netflix.discovery.DiscoveryClient - Starting heartbeat executor: renew interval is: 30
[traceId:,span_id:] 2018-06-08 16:08:42.306 [main] [INFO ] c.n.discovery.InstanceInfoReplicator - InstanceInfoReplicator onDemand update allowed rate per min is 4
[traceId:,span_id:] 2018-06-08 16:08:42.310 [main] [INFO ] c.netflix.discovery.DiscoveryClient - Discovery Client initialized at timestamp 1528445322308 with initial instances count: 1
[traceId:,span_id:] 2018-06-08 16:08:42.319 [main] [INFO ] o.s.c.n.e.s.EurekaServiceRegistry - Registering application service-hi with eureka with status UP
[traceId:,span_id:] 2018-06-08 16:08:42.320 [main] [INFO ] c.netflix.discovery.DiscoveryClient - Saw local status change event StatusChangeEvent [timestamp=1528445322320, current=UP, previous=STARTING]
[traceId:,span_id:] 2018-06-08 16:08:42.322 [DiscoveryClient-InstanceInfoReplicator-0] [INFO ] c.netflix.discovery.DiscoveryClient - DiscoveryClient_SERVICE-HI/DESKTOP-CCCD7LS:service-hi:8762: registering service...
[traceId:,span_id:] 2018-06-08 16:08:42.343 [main] [INFO ] o.a.coyote.http11.Http11NioProtocol - Starting ProtocolHandler ["http-nio-8762"]
[traceId:,span_id:] 2018-06-08 16:08:42.359 [main] [INFO ] o.a.tomcat.util.net.NioSelectorPool - Using a shared selector for servlet write/read
[traceId:,span_id:] 2018-06-08 16:08:42.373 [DiscoveryClient-InstanceInfoReplicator-0] [INFO ] c.netflix.discovery.DiscoveryClient - DiscoveryClient_SERVICE-HI/DESKTOP-CCCD7LS:service-hi:8762 - registration status: 204
[traceId:,span_id:] 2018-06-08 16:08:42.383 [main] [INFO ] o.s.b.w.e.tomcat.TomcatWebServer - Tomcat started on port(s): 8762 (http) with context path ''
[traceId:,span_id:] 2018-06-08 16:08:42.384 [main] [INFO ] o.s.c.n.e.s.EurekaAutoServiceRegistration - Updating port to 8762
[traceId:,span_id:] 2018-06-08 16:08:42.387 [main] [INFO ] c.f.servicehi.ServiceHiApplication - Started ServiceHiApplication in 6.325 seconds (JVM running for 7.118)
[traceId:,span_id:] 2018-06-08 16:09:23.418 [http-nio-8762-exec-2] [INFO ] o.a.c.c.C.[Tomcat].[localhost].[/] - Initializing Spring FrameworkServlet 'dispatcherServlet'
[traceId:,span_id:] 2018-06-08 16:09:23.419 [http-nio-8762-exec-2] [INFO ] o.s.web.servlet.DispatcherServlet - FrameworkServlet 'dispatcherServlet': initialization started
[traceId:,span_id:] 2018-06-08 16:09:23.441 [http-nio-8762-exec-2] [INFO ] o.s.web.servlet.DispatcherServlet - FrameworkServlet 'dispatcherServlet': initialization completed in 22 ms
[traceId:,span_id:] 2018-06-08 16:09:23.487 [http-nio-8762-exec-2] [INFO ] c.f.s.service.UtilDateService - a1=DateUtil.getCurrentDate()=2018-06-08
[traceId:,span_id:] 2018-06-08 16:09:23.487 [http-nio-8762-exec-2] [INFO ] c.f.s.service.UtilDateService - a2=DateUtil.getCurrentDateShort()=20180608
[traceId:,span_id:] 2018-06-08 16:09:23.487 [http-nio-8762-exec-2] [INFO ] c.f.s.service.UtilDateService - a3=DateUtil.getCurrentDateTime()=20180608 16:09:23
[traceId:,span_id:] 2018-06-08 16:09:23.488 [http-nio-8762-exec-2] [INFO ] c.f.s.service.UtilDateService - a4=DateUtil.getCurrentDateTime14()=20180608160923
[traceId:,span_id:] 2018-06-08 16:09:23.488 [http-nio-8762-exec-2] [INFO ] c.f.s.service.UtilDateService - a5=DateUtil.getCurrentDateTime17()=20180608 16:09:23
[traceId:,span_id:] 2018-06-08 16:09:23.488 [http-nio-8762-exec-2] [INFO ] c.f.s.service.UtilDateService - a6=DateUtil.getCurrentDateTime19()=2018-06-08 16:09:23
[traceId:,span_id:] 2018-06-08 16:09:23.488 [http-nio-8762-exec-2] [INFO ] c.f.s.service.UtilDateService - a7=DateUtil.getCurrentDateTime(DATE_8_DATE_STR)=20180606
[traceId:,span_id:] 2018-06-08 16:09:23.488 [http-nio-8762-exec-2] [INFO ] c.f.s.service.UtilDateService - a8=DateUtil.getCurrentDateTime(DateTimeFormatter formatter)=20180608
[traceId:,span_id:] 2018-06-08 16:09:23.488 [http-nio-8762-exec-2] [INFO ] c.f.s.service.UtilDateService - a9=DateUtil.getDateTimeStr()=1970-01-01 08:00:00
[traceId:,span_id:] 2018-06-08 16:09:23.488 [http-nio-8762-exec-2] [INFO ] c.f.s.service.UtilDateService - a10=DateUtil.getDateStr(LocalDate dateTime, DateTimeFormatter formatter)=2018-06-08
[traceId:,span_id:] 2018-06-08 16:09:23.490 [http-nio-8762-exec-2] [INFO ] c.f.s.service.UtilDateService - a11=DateUtil.parseDateTime(String dateTime, DateTimeFormatter formatter)=2018-06-06T18:08:58
[traceId:,span_id:] 2018-06-08 16:09:23.492 [http-nio-8762-exec-2] [INFO ] c.f.s.service.UtilDateService - a12=DateUtil.parseDate(String date, DateTimeFormatter formatter)=2018-06-06
[traceId:,span_id:] 2018-06-08 16:09:23.492 [http-nio-8762-exec-2] [INFO ] c.f.s.service.UtilDateService - a13=DateUtil.betweenDays(String startDateStr, String endDateStr)=0
[traceId:,span_id:] 2018-06-08 16:09:23.492 [http-nio-8762-exec-2] [INFO ] c.f.s.service.UtilDateService - a14=DateUtil.betweenDays(LocalDate startDate, LocalDate endDate)=0
[traceId:,span_id:] 2018-06-08 16:09:23.492 [http-nio-8762-exec-2] [INFO ] c.f.s.service.UtilDateService - a15=DateUtil.betweenDays(LocalDateTime startDateTime, LocalDateTime endDateTime)=a1=0
[traceId:,span_id:] 2018-06-08 16:09:23.492 [http-nio-8762-exec-2] [INFO ] c.f.s.service.UtilDateService - a16=DateUtil.getAddDays(String startDate, Long days)=2018-06-09
[traceId:,span_id:] 2018-06-08 16:09:23.493 [http-nio-8762-exec-2] [INFO ] c.f.s.service.UtilDateService - a17=DateUtil.getAddDays(LocalDate startDate, Long days)=2018-06-11
[traceId:,span_id:] 2018-06-08 16:09:23.493 [http-nio-8762-exec-2] [INFO ] c.f.s.service.UtilDateService - a18=DateUtil.getMinusMonths(String startDate, Long months)=2018-03-06
[traceId:,span_id:] 2018-06-08 16:09:23.493 [http-nio-8762-exec-2] [INFO ] c.f.s.service.UtilDateService - a19=DateUtil.getMinusMonths(LocalDate startDate, Long months)=2018-03-08
[traceId:,span_id:] 2018-06-08 16:09:23.493 [http-nio-8762-exec-2] [INFO ] c.f.s.service.UtilDateService - a20=DateUtil.getMinusYears(String startDate, Long years)=2015-06-06
[traceId:,span_id:] 2018-06-08 16:09:23.493 [http-nio-8762-exec-2] [INFO ] c.f.s.service.UtilDateService - a21=DateUtil.getMinusYears(String startDate, Long years)=2015-06-06
[traceId:,span_id:] 2018-06-08 16:09:23.493 [http-nio-8762-exec-2] [INFO ] c.f.s.service.UtilDateService - a22=DateUtil.getMinusYears(LocalDate startDate, Long years)=2015-06-08
[traceId:,span_id:] 2018-06-08 16:09:23.493 [http-nio-8762-exec-2] [INFO ] c.f.s.service.UtilDateService - a23=DateUtil.dateToLocalDateTime(Date date)=2018-06-08T16:09:23.483
[traceId:,span_id:] 2018-06-08 16:09:23.493 [http-nio-8762-exec-2] [INFO ] c.f.s.service.UtilDateService - a24=DateUtil.dateToLocalDate(Date date)=2018-06-08
[traceId:,span_id:] 2018-06-08 16:09:23.493 [http-nio-8762-exec-2] [INFO ] c.f.s.service.UtilDateService - a25=DateUtil.getDate10Str(Date date)=2018-06-08
[traceId:,span_id:] 2018-06-08 16:09:23.493 [http-nio-8762-exec-2] [INFO ] c.f.s.service.UtilDateService - a26=DateUtil.getDateTime19Str(Date date)=2018-06-08 16:09:23
[traceId:,span_id:] 2018-06-08 16:09:23.493 [http-nio-8762-exec-2] [INFO ] c.f.s.service.UtilDateService - a27=DateUtil.getDate8Str(Date date)=20180608
[traceId:,span_id:] 2018-06-08 16:09:23.494 [http-nio-8762-exec-2] [INFO ] c.f.s.service.UtilDateService - a29=DateUtil.getFirstDayOfMonth()=2018-06-01
[traceId:,span_id:] 2018-06-08 16:09:23.494 [http-nio-8762-exec-2] [INFO ] c.f.s.service.UtilDateService - a30=DateUtil.getLastDayOfMonth()=2018-06-30
[traceId:,span_id:] 2018-06-08 16:09:23.494 [http-nio-8762-exec-2] [INFO ] c.f.s.service.UtilDateService - a31=DateUtil.getCurrentDateOfYear()=2018
[traceId:,span_id:] 2018-06-08 16:09:23.494 [http-nio-8762-exec-2] [INFO ] c.f.s.service.UtilDateService - a32=DateUtil.getCurrentDateOfMonth()=6
[traceId:,span_id:] 2018-06-08 16:09:45.065 [http-nio-8762-exec-2] [INFO ] c.f.s.service.UtilDateService - Calendar.HOUR_OF_DAY,udpateTimeStart=2018-06-08 16:09:23,udpateTimeEnd=2018-06-07 16:09:23
[traceId:,span_id:] 2018-06-08 16:13:42.111 [AsyncResolver-bootstrap-executor-0] [INFO ] c.n.d.s.r.aws.ConfigClusterResolver - Resolving eureka endpoints via configuration
[traceId:,span_id:] 2018-06-08 16:18:42.114 [AsyncResolver-bootstrap-executor-0] [INFO ] c.n.d.s.r.aws.ConfigClusterResolver - Resolving eureka endpoints via configuration
[traceId:,span_id:] 2018-06-08 16:23:42.117 [AsyncResolver-bootstrap-executor-0] [INFO ] c.n.d.s.r.aws.ConfigClusterResolver - Resolving eureka endpoints via configuration
[traceId:,span_id:] 2018-06-08 16:28:42.119 [AsyncResolver-bootstrap-executor-0] [INFO ] c.n.d.s.r.aws.ConfigClusterResolver - Resolving eureka endpoints via configuration
[traceId:,span_id:] 2018-06-08 16:33:42.120 [AsyncResolver-bootstrap-executor-0] [INFO ] c.n.d.s.r.aws.ConfigClusterResolver - Resolving eureka endpoints via configuration
[traceId:,span_id:] 2018-06-08 16:38:42.122 [AsyncResolver-bootstrap-executor-0] [INFO ] c.n.d.s.r.aws.ConfigClusterResolver - Resolving eureka endpoints via configuration
[traceId:,span_id:] 2018-06-08 16:43:42.124 [AsyncResolver-bootstrap-executor-0] [INFO ] c.n.d.s.r.aws.ConfigClusterResolver - Resolving eureka endpoints via configuration
[traceId:,span_id:] 2018-06-08 16:48:42.126 [AsyncResolver-bootstrap-executor-0] [INFO ] c.n.d.s.r.aws.ConfigClusterResolver - Resolving eureka endpoints via configuration
[traceId:,span_id:] 2018-06-08 16:53:42.127 [AsyncResolver-bootstrap-executor-0] [INFO ] c.n.d.s.r.aws.ConfigClusterResolver - Resolving eureka endpoints via configuration
[traceId:,span_id:] 2018-06-08 16:58:42.130 [AsyncResolver-bootstrap-executor-0] [INFO ] c.n.d.s.r.aws.ConfigClusterResolver - Resolving eureka endpoints via configuration
[traceId:,span_id:] 2018-06-08 17:03:42.132 [AsyncResolver-bootstrap-executor-0] [INFO ] c.n.d.s.r.aws.ConfigClusterResolver - Resolving eureka endpoints via configuration
[traceId:,span_id:] 2018-06-08 17:08:42.134 [AsyncResolver-bootstrap-executor-0] [INFO ] c.n.d.s.r.aws.ConfigClusterResolver - Resolving eureka endpoints via configuration
[traceId:,span_id:] 2018-06-08 17:13:42.134 [AsyncResolver-bootstrap-executor-0] [INFO ] c.n.d.s.r.aws.ConfigClusterResolver - Resolving eureka endpoints via configuration
[traceId:,span_id:] 2018-06-08 17:18:42.137 [AsyncResolver-bootstrap-executor-0] [INFO ] c.n.d.s.r.aws.ConfigClusterResolver - Resolving eureka endpoints via configuration
[traceId:,span_id:] 2018-06-08 17:23:42.139 [AsyncResolver-bootstrap-executor-0] [INFO ] c.n.d.s.r.aws.ConfigClusterResolver - Resolving eureka endpoints via configuration
[traceId:,span_id:] 2018-06-08 17:28:42.141 [AsyncResolver-bootstrap-executor-0] [INFO ] c.n.d.s.r.aws.ConfigClusterResolver - Resolving eureka endpoints via configuration
[traceId:,span_id:] 2018-06-08 17:33:42.142 [AsyncResolver-bootstrap-executor-0] [INFO ] c.n.d.s.r.aws.ConfigClusterResolver - Resolving eureka endpoints via configuration
[traceId:,span_id:] 2018-06-08 17:38:42.144 [AsyncResolver-bootstrap-executor-0] [INFO ] c.n.d.s.r.aws.ConfigClusterResolver - Resolving eureka endpoints via configuration
[traceId:,span_id:] 2018-06-08 17:43:42.146 [AsyncResolver-bootstrap-executor-0] [INFO ] c.n.d.s.r.aws.ConfigClusterResolver - Resolving eureka endpoints via configuration
[traceId:,span_id:] 2018-06-08 17:48:42.148 [AsyncResolver-bootstrap-executor-0] [INFO ] c.n.d.s.r.aws.ConfigClusterResolver - Resolving eureka endpoints via configuration
[traceId:,span_id:] 2018-06-08 17:53:42.150 [AsyncResolver-bootstrap-executor-0] [INFO ] c.n.d.s.r.aws.ConfigClusterResolver - Resolving eureka endpoints via configuration
[traceId:,span_id:] 2018-06-08 17:58:42.152 [AsyncResolver-bootstrap-executor-0] [INFO ] c.n.d.s.r.aws.ConfigClusterResolver - Resolving eureka endpoints via configuration
[traceId:,span_id:] 2018-06-08 18:03:42.153 [AsyncResolver-bootstrap-executor-0] [INFO ] c.n.d.s.r.aws.ConfigClusterResolver - Resolving eureka endpoints via configuration
[traceId:,span_id:] 2018-06-08 18:08:42.155 [AsyncResolver-bootstrap-executor-0] [INFO ] c.n.d.s.r.aws.ConfigClusterResolver - Resolving eureka endpoints via configuration
[traceId:,span_id:] 2018-06-08 18:13:42.158 [AsyncResolver-bootstrap-executor-0] [INFO ] c.n.d.s.r.aws.ConfigClusterResolver - Resolving eureka endpoints via configuration
[traceId:,span_id:] 2018-06-08 18:18:42.160 [AsyncResolver-bootstrap-executor-0] [INFO ] c.n.d.s.r.aws.ConfigClusterResolver - Resolving eureka endpoints via configuration
[traceId:,span_id:] 2018-06-08 18:23:42.162 [AsyncResolver-bootstrap-executor-0] [INFO ] c.n.d.s.r.aws.ConfigClusterResolver - Resolving eureka endpoints via configuration
[traceId:,span_id:] 2018-06-08 18:28:42.164 [AsyncResolver-bootstrap-executor-0] [INFO ] c.n.d.s.r.aws.ConfigClusterResolver - Resolving eureka endpoints via configuration
[traceId:,span_id:] 2018-06-08 18:33:42.165 [AsyncResolver-bootstrap-executor-0] [INFO ] c.n.d.s.r.aws.ConfigClusterResolver - Resolving eureka endpoints via configuration
[traceId:,span_id:] 2018-06-08 18:38:42.167 [AsyncResolver-bootstrap-executor-0] [INFO ] c.n.d.s.r.aws.ConfigClusterResolver - Resolving eureka endpoints via configuration
[traceId:,span_id:] 2018-06-08 18:43:42.169 [AsyncResolver-bootstrap-executor-0] [INFO ] c.n.d.s.r.aws.ConfigClusterResolver - Resolving eureka endpoints via configuration
[traceId:,span_id:] 2018-06-08 18:48:42.169 [AsyncResolver-bootstrap-executor-0] [INFO ] c.n.d.s.r.aws.ConfigClusterResolver - Resolving eureka endpoints via configuration
[traceId:,span_id:] 2018-06-08 18:53:42.171 [AsyncResolver-bootstrap-executor-0] [INFO ] c.n.d.s.r.aws.ConfigClusterResolver - Resolving eureka endpoints via configuration
[traceId:,span_id:] 2018-06-08 18:58:42.173 [AsyncResolver-bootstrap-executor-0] [INFO ] c.n.d.s.r.aws.ConfigClusterResolver - Resolving eureka endpoints via configuration
[traceId:,span_id:] 2018-06-08 19:03:42.174 [AsyncResolver-bootstrap-executor-0] [INFO ] c.n.d.s.r.aws.ConfigClusterResolver - Resolving eureka endpoints via configuration
[traceId:,span_id:] 2018-06-08 19:08:42.176 [AsyncResolver-bootstrap-executor-0] [INFO ] c.n.d.s.r.aws.ConfigClusterResolver - Resolving eureka endpoints via configuration
[traceId:,span_id:] 2018-06-08 19:13:42.178 [AsyncResolver-bootstrap-executor-0] [INFO ] c.n.d.s.r.aws.ConfigClusterResolver - Resolving eureka endpoints via configuration
[traceId:,span_id:] 2018-06-08 19:18:42.183 [AsyncResolver-bootstrap-executor-0] [INFO ] c.n.d.s.r.aws.ConfigClusterResolver - Resolving eureka endpoints via configuration
[traceId:,span_id:] 2018-06-08 19:23:42.185 [AsyncResolver-bootstrap-executor-0] [INFO ] c.n.d.s.r.aws.ConfigClusterResolver - Resolving eureka endpoints via configuration
[traceId:,span_id:] 2018-06-08 19:28:42.186 [AsyncResolver-bootstrap-executor-0] [INFO ] c.n.d.s.r.aws.ConfigClusterResolver - Resolving eureka endpoints via configuration
[traceId:,span_id:] 2018-06-08 19:33:42.187 [AsyncResolver-bootstrap-executor-0] [INFO ] c.n.d.s.r.aws.ConfigClusterResolver - Resolving eureka endpoints via configuration
