[traceId:,span_id:] 2018-06-06 17:50:40.378 [main] [INFO ] o.s.c.a.AnnotationConfigApplicationContext - Refreshing org.springframework.context.annotation.AnnotationConfigApplicationContext@37efd131: startup date [Wed Jun 06 17:50:40 CST 2018]; root of context hierarchy
[traceId:,span_id:] 2018-06-06 17:50:40.564 [main] [INFO ] o.s.b.f.a.AutowiredAnnotationBeanPostProcessor - JSR-330 'javax.inject.Inject' annotation found and supported for autowiring
[traceId:,span_id:] 2018-06-06 17:50:40.609 [main] [INFO ] o.s.c.s.PostProcessorRegistrationDelegate$BeanPostProcessorChecker - Bean 'configurationPropertiesRebinderAutoConfiguration' of type [org.springframework.cloud.autoconfigure.ConfigurationPropertiesRebinderAutoConfiguration$$EnhancerBySpringCGLIB$$d77b41e3] is not eligible for getting processed by all BeanPostProcessors (for example: not eligible for auto-proxying)
[traceId:,span_id:] 2018-06-06 17:50:40.854 [main] [INFO ] c.f.servicehi.ServiceHiApplication - No active profile set, falling back to default profiles: default
[traceId:,span_id:] 2018-06-06 17:50:40.871 [main] [INFO ] o.s.b.w.s.c.AnnotationConfigServletWebServerApplicationContext - Refreshing org.springframework.boot.web.servlet.context.AnnotationConfigServletWebServerApplicationContext@30b9eadd: startup date [Wed Jun 06 17:50:40 CST 2018]; parent: org.springframework.context.annotation.AnnotationConfigApplicationContext@37efd131
[traceId:,span_id:] 2018-06-06 17:50:41.689 [main] [INFO ] o.s.cloud.context.scope.GenericScope - BeanFactory id=42103a32-1b1e-35bb-8095-9672ba590345
[traceId:,span_id:] 2018-06-06 17:50:41.705 [main] [INFO ] o.s.b.f.a.AutowiredAnnotationBeanPostProcessor - JSR-330 'javax.inject.Inject' annotation found and supported for autowiring
[traceId:,span_id:] 2018-06-06 17:50:41.798 [main] [INFO ] o.s.c.s.PostProcessorRegistrationDelegate$BeanPostProcessorChecker - Bean 'org.springframework.cloud.autoconfigure.ConfigurationPropertiesRebinderAutoConfiguration' of type [org.springframework.cloud.autoconfigure.ConfigurationPropertiesRebinderAutoConfiguration$$EnhancerBySpringCGLIB$$d77b41e3] is not eligible for getting processed by all BeanPostProcessors (for example: not eligible for auto-proxying)
[traceId:,span_id:] 2018-06-06 17:50:42.094 [main] [INFO ] o.s.b.w.e.tomcat.TomcatWebServer - Tomcat initialized with port(s): 8762 (http)
[traceId:,span_id:] 2018-06-06 17:50:42.109 [main] [INFO ] o.a.coyote.http11.Http11NioProtocol - Initializing ProtocolHandler ["http-nio-8762"]
[traceId:,span_id:] 2018-06-06 17:50:42.118 [main] [INFO ] o.a.catalina.core.StandardService - Starting service [Tomcat]
[traceId:,span_id:] 2018-06-06 17:50:42.119 [main] [INFO ] o.a.catalina.core.StandardEngine - Starting Servlet Engine: Apache Tomcat/8.5.31
[traceId:,span_id:] 2018-06-06 17:50:42.127 [localhost-startStop-1] [INFO ] o.a.c.core.AprLifecycleListener - The APR based Apache Tomcat Native library which allows optimal performance in production environments was not found on the java.library.path: [C:\Program Files\Java\jdk1.8.0_152\bin;C:\WINDOWS\Sun\Java\bin;C:\WINDOWS\system32;C:\WINDOWS;C:\ProgramData\Oracle\Java\javapath;C:\WINDOWS\system32;C:\WINDOWS;C:\WINDOWS\System32\Wbem;C:\WINDOWS\System32\WindowsPowerShell\v1.0\;C:\Program Files\Java\jdk1.8.0_152\bin;C:\Program Files\Java\jdk1.8.0_152\jre\bin;D:\soft\nnd\idea\git\Git\cmd;C:\WINDOWS\System32\OpenSSH\;C:\Users\JYKJ\AppData\Local\Microsoft\WindowsApps;;.]
[traceId:,span_id:] 2018-06-06 17:50:42.274 [localhost-startStop-1] [INFO ] o.a.c.c.C.[Tomcat].[localhost].[/] - Initializing Spring embedded WebApplicationContext
[traceId:,span_id:] 2018-06-06 17:50:42.274 [localhost-startStop-1] [INFO ] o.s.web.context.ContextLoader - Root WebApplicationContext: initialization completed in 1403 ms
[traceId:,span_id:] 2018-06-06 17:50:43.854 [localhost-startStop-1] [INFO ] o.s.b.w.s.ServletRegistrationBean - Servlet dispatcherServlet mapped to [/]
[traceId:,span_id:] 2018-06-06 17:50:43.860 [localhost-startStop-1] [INFO ] o.s.b.w.s.FilterRegistrationBean - Mapping filter: 'characterEncodingFilter' to: [/*]
[traceId:,span_id:] 2018-06-06 17:50:43.860 [localhost-startStop-1] [INFO ] o.s.b.w.s.FilterRegistrationBean - Mapping filter: 'hiddenHttpMethodFilter' to: [/*]
[traceId:,span_id:] 2018-06-06 17:50:43.861 [localhost-startStop-1] [INFO ] o.s.b.w.s.FilterRegistrationBean - Mapping filter: 'httpPutFormContentFilter' to: [/*]
[traceId:,span_id:] 2018-06-06 17:50:43.861 [localhost-startStop-1] [INFO ] o.s.b.w.s.FilterRegistrationBean - Mapping filter: 'requestContextFilter' to: [/*]
[traceId:,span_id:] 2018-06-06 17:50:43.861 [localhost-startStop-1] [INFO ] o.s.b.w.s.FilterRegistrationBean - Mapping filter: 'httpTraceFilter' to: [/*]
[traceId:,span_id:] 2018-06-06 17:50:43.861 [localhost-startStop-1] [INFO ] o.s.b.w.s.FilterRegistrationBean - Mapping filter: 'webMvcMetricsFilter' to: [/*]
[traceId:,span_id:] 2018-06-06 17:50:43.904 [main] [WARN ] o.s.b.w.s.c.AnnotationConfigServletWebServerApplicationContext - Exception encountered during context initialization - cancelling refresh attempt: org.springframework.beans.factory.UnsatisfiedDependencyException: Error creating bean with name 'utilDateResource': Unsatisfied dependency expressed through field 'utilDateService'; nested exception is org.springframework.beans.factory.NoSuchBeanDefinitionException: No qualifying bean of type 'com.forezp.servicehi.service.UtilDateService' available: expected at least 1 bean which qualifies as autowire candidate. Dependency annotations: {@org.springframework.beans.factory.annotation.Autowired(required=true)}
[traceId:,span_id:] 2018-06-06 17:50:43.907 [main] [WARN ] o.s.b.f.s.DisposableBeanAdapter - Invocation of destroy method 'close' failed on bean with name 'eurekaRegistration': org.springframework.beans.factory.BeanCreationNotAllowedException: Error creating bean with name 'org.springframework.cloud.netflix.eureka.EurekaClientAutoConfiguration$RefreshableEurekaClientConfiguration': Singleton bean creation not allowed while singletons of this factory are in destruction (Do not request a bean from a BeanFactory in a destroy method implementation!)
[traceId:,span_id:] 2018-06-06 17:50:43.909 [main] [INFO ] o.a.catalina.core.StandardService - Stopping service [Tomcat]
[traceId:,span_id:] 2018-06-06 17:50:43.953 [main] [INFO ] o.s.b.a.l.ConditionEvaluationReportLoggingListener - 

Error starting ApplicationContext. To display the conditions report re-run your application with 'debug' enabled.
[traceId:,span_id:] 2018-06-06 17:50:44.236 [main] [ERROR] o.s.b.d.LoggingFailureAnalysisReporter - 

***************************
APPLICATION FAILED TO START
***************************

Description:

Field utilDateService in com.forezp.servicehi.resource.UtilDateResource required a bean of type 'com.forezp.servicehi.service.UtilDateService' that could not be found.


Action:

Consider defining a bean of type 'com.forezp.servicehi.service.UtilDateService' in your configuration.

[traceId:,span_id:] 2018-06-06 17:57:54.439 [main] [INFO ] o.s.c.a.AnnotationConfigApplicationContext - Refreshing org.springframework.context.annotation.AnnotationConfigApplicationContext@10b9db7b: startup date [Wed Jun 06 17:57:54 CST 2018]; root of context hierarchy
[traceId:,span_id:] 2018-06-06 17:57:54.786 [main] [INFO ] o.s.b.f.a.AutowiredAnnotationBeanPostProcessor - JSR-330 'javax.inject.Inject' annotation found and supported for autowiring
[traceId:,span_id:] 2018-06-06 17:57:54.840 [main] [INFO ] o.s.c.s.PostProcessorRegistrationDelegate$BeanPostProcessorChecker - Bean 'configurationPropertiesRebinderAutoConfiguration' of type [org.springframework.cloud.autoconfigure.ConfigurationPropertiesRebinderAutoConfiguration$$EnhancerBySpringCGLIB$$72bde45c] is not eligible for getting processed by all BeanPostProcessors (for example: not eligible for auto-proxying)
[traceId:,span_id:] 2018-06-06 17:57:55.117 [main] [INFO ] c.f.servicehi.ServiceHiApplication - No active profile set, falling back to default profiles: default
[traceId:,span_id:] 2018-06-06 17:57:55.129 [main] [INFO ] o.s.b.w.s.c.AnnotationConfigServletWebServerApplicationContext - Refreshing org.springframework.boot.web.servlet.context.AnnotationConfigServletWebServerApplicationContext@1761de10: startup date [Wed Jun 06 17:57:55 CST 2018]; parent: org.springframework.context.annotation.AnnotationConfigApplicationContext@10b9db7b
[traceId:,span_id:] 2018-06-06 17:57:55.924 [main] [INFO ] o.s.cloud.context.scope.GenericScope - BeanFactory id=42103a32-1b1e-35bb-8095-9672ba590345
[traceId:,span_id:] 2018-06-06 17:57:55.942 [main] [INFO ] o.s.b.f.a.AutowiredAnnotationBeanPostProcessor - JSR-330 'javax.inject.Inject' annotation found and supported for autowiring
[traceId:,span_id:] 2018-06-06 17:57:56.047 [main] [INFO ] o.s.c.s.PostProcessorRegistrationDelegate$BeanPostProcessorChecker - Bean 'org.springframework.cloud.autoconfigure.ConfigurationPropertiesRebinderAutoConfiguration' of type [org.springframework.cloud.autoconfigure.ConfigurationPropertiesRebinderAutoConfiguration$$EnhancerBySpringCGLIB$$72bde45c] is not eligible for getting processed by all BeanPostProcessors (for example: not eligible for auto-proxying)
[traceId:,span_id:] 2018-06-06 17:57:56.337 [main] [INFO ] o.s.b.w.e.tomcat.TomcatWebServer - Tomcat initialized with port(s): 8762 (http)
[traceId:,span_id:] 2018-06-06 17:57:56.347 [main] [INFO ] o.a.coyote.http11.Http11NioProtocol - Initializing ProtocolHandler ["http-nio-8762"]
[traceId:,span_id:] 2018-06-06 17:57:56.356 [main] [INFO ] o.a.catalina.core.StandardService - Starting service [Tomcat]
[traceId:,span_id:] 2018-06-06 17:57:56.356 [main] [INFO ] o.a.catalina.core.StandardEngine - Starting Servlet Engine: Apache Tomcat/8.5.31
[traceId:,span_id:] 2018-06-06 17:57:56.361 [localhost-startStop-1] [INFO ] o.a.c.core.AprLifecycleListener - The APR based Apache Tomcat Native library which allows optimal performance in production environments was not found on the java.library.path: [C:\Program Files\Java\jdk1.8.0_152\bin;C:\WINDOWS\Sun\Java\bin;C:\WINDOWS\system32;C:\WINDOWS;C:\ProgramData\Oracle\Java\javapath;C:\WINDOWS\system32;C:\WINDOWS;C:\WINDOWS\System32\Wbem;C:\WINDOWS\System32\WindowsPowerShell\v1.0\;C:\Program Files\Java\jdk1.8.0_152\bin;C:\Program Files\Java\jdk1.8.0_152\jre\bin;D:\soft\nnd\idea\git\Git\cmd;C:\WINDOWS\System32\OpenSSH\;C:\Users\JYKJ\AppData\Local\Microsoft\WindowsApps;;.]
[traceId:,span_id:] 2018-06-06 17:57:56.498 [localhost-startStop-1] [INFO ] o.a.c.c.C.[Tomcat].[localhost].[/] - Initializing Spring embedded WebApplicationContext
[traceId:,span_id:] 2018-06-06 17:57:56.498 [localhost-startStop-1] [INFO ] o.s.web.context.ContextLoader - Root WebApplicationContext: initialization completed in 1369 ms
[traceId:,span_id:] 2018-06-06 17:57:57.634 [localhost-startStop-1] [INFO ] o.s.b.w.s.ServletRegistrationBean - Servlet dispatcherServlet mapped to [/]
[traceId:,span_id:] 2018-06-06 17:57:57.638 [localhost-startStop-1] [INFO ] o.s.b.w.s.FilterRegistrationBean - Mapping filter: 'characterEncodingFilter' to: [/*]
[traceId:,span_id:] 2018-06-06 17:57:57.639 [localhost-startStop-1] [INFO ] o.s.b.w.s.FilterRegistrationBean - Mapping filter: 'hiddenHttpMethodFilter' to: [/*]
[traceId:,span_id:] 2018-06-06 17:57:57.640 [localhost-startStop-1] [INFO ] o.s.b.w.s.FilterRegistrationBean - Mapping filter: 'httpPutFormContentFilter' to: [/*]
[traceId:,span_id:] 2018-06-06 17:57:57.640 [localhost-startStop-1] [INFO ] o.s.b.w.s.FilterRegistrationBean - Mapping filter: 'requestContextFilter' to: [/*]
[traceId:,span_id:] 2018-06-06 17:57:57.640 [localhost-startStop-1] [INFO ] o.s.b.w.s.FilterRegistrationBean - Mapping filter: 'httpTraceFilter' to: [/*]
[traceId:,span_id:] 2018-06-06 17:57:57.640 [localhost-startStop-1] [INFO ] o.s.b.w.s.FilterRegistrationBean - Mapping filter: 'webMvcMetricsFilter' to: [/*]
[traceId:,span_id:] 2018-06-06 17:57:57.682 [main] [WARN ] o.s.b.w.s.c.AnnotationConfigServletWebServerApplicationContext - Exception encountered during context initialization - cancelling refresh attempt: org.springframework.beans.factory.UnsatisfiedDependencyException: Error creating bean with name 'utilDateResource': Unsatisfied dependency expressed through field 'utilDateService'; nested exception is org.springframework.beans.factory.NoSuchBeanDefinitionException: No qualifying bean of type 'com.forezp.servicehi.service.UtilDateService' available: expected at least 1 bean which qualifies as autowire candidate. Dependency annotations: {@org.springframework.beans.factory.annotation.Autowired(required=true)}
[traceId:,span_id:] 2018-06-06 17:57:57.684 [main] [WARN ] o.s.b.f.s.DisposableBeanAdapter - Invocation of destroy method 'close' failed on bean with name 'eurekaRegistration': org.springframework.beans.factory.BeanCreationNotAllowedException: Error creating bean with name 'org.springframework.cloud.netflix.eureka.EurekaClientAutoConfiguration$RefreshableEurekaClientConfiguration': Singleton bean creation not allowed while singletons of this factory are in destruction (Do not request a bean from a BeanFactory in a destroy method implementation!)
[traceId:,span_id:] 2018-06-06 17:57:57.687 [main] [INFO ] o.a.catalina.core.StandardService - Stopping service [Tomcat]
[traceId:,span_id:] 2018-06-06 17:57:57.701 [main] [INFO ] o.s.b.a.l.ConditionEvaluationReportLoggingListener - 

Error starting ApplicationContext. To display the conditions report re-run your application with 'debug' enabled.
[traceId:,span_id:] 2018-06-06 17:57:57.892 [main] [ERROR] o.s.b.d.LoggingFailureAnalysisReporter - 

***************************
APPLICATION FAILED TO START
***************************

Description:

Field utilDateService in com.forezp.servicehi.resource.UtilDateResource required a bean of type 'com.forezp.servicehi.service.UtilDateService' that could not be found.


Action:

Consider defining a bean of type 'com.forezp.servicehi.service.UtilDateService' in your configuration.

[traceId:,span_id:] 2018-06-06 17:59:13.262 [main] [INFO ] o.s.c.a.AnnotationConfigApplicationContext - Refreshing org.springframework.context.annotation.AnnotationConfigApplicationContext@784c3487: startup date [Wed Jun 06 17:59:13 CST 2018]; root of context hierarchy
[traceId:,span_id:] 2018-06-06 17:59:13.436 [main] [INFO ] o.s.b.f.a.AutowiredAnnotationBeanPostProcessor - JSR-330 'javax.inject.Inject' annotation found and supported for autowiring
[traceId:,span_id:] 2018-06-06 17:59:13.472 [main] [INFO ] o.s.c.s.PostProcessorRegistrationDelegate$BeanPostProcessorChecker - Bean 'configurationPropertiesRebinderAutoConfiguration' of type [org.springframework.cloud.autoconfigure.ConfigurationPropertiesRebinderAutoConfiguration$$EnhancerBySpringCGLIB$$5c7f4913] is not eligible for getting processed by all BeanPostProcessors (for example: not eligible for auto-proxying)
[traceId:,span_id:] 2018-06-06 17:59:13.722 [main] [INFO ] c.f.servicehi.ServiceHiApplication - No active profile set, falling back to default profiles: default
[traceId:,span_id:] 2018-06-06 17:59:13.737 [main] [INFO ] o.s.b.w.s.c.AnnotationConfigServletWebServerApplicationContext - Refreshing org.springframework.boot.web.servlet.context.AnnotationConfigServletWebServerApplicationContext@412c995d: startup date [Wed Jun 06 17:59:13 CST 2018]; parent: org.springframework.context.annotation.AnnotationConfigApplicationContext@784c3487
[traceId:,span_id:] 2018-06-06 17:59:14.586 [main] [INFO ] o.s.cloud.context.scope.GenericScope - BeanFactory id=d5f31472-dae9-380d-9075-ec04185d679f
[traceId:,span_id:] 2018-06-06 17:59:14.606 [main] [INFO ] o.s.b.f.a.AutowiredAnnotationBeanPostProcessor - JSR-330 'javax.inject.Inject' annotation found and supported for autowiring
[traceId:,span_id:] 2018-06-06 17:59:14.708 [main] [INFO ] o.s.c.s.PostProcessorRegistrationDelegate$BeanPostProcessorChecker - Bean 'org.springframework.cloud.autoconfigure.ConfigurationPropertiesRebinderAutoConfiguration' of type [org.springframework.cloud.autoconfigure.ConfigurationPropertiesRebinderAutoConfiguration$$EnhancerBySpringCGLIB$$5c7f4913] is not eligible for getting processed by all BeanPostProcessors (for example: not eligible for auto-proxying)
[traceId:,span_id:] 2018-06-06 17:59:14.988 [main] [INFO ] o.s.b.w.e.tomcat.TomcatWebServer - Tomcat initialized with port(s): 8762 (http)
[traceId:,span_id:] 2018-06-06 17:59:14.999 [main] [INFO ] o.a.coyote.http11.Http11NioProtocol - Initializing ProtocolHandler ["http-nio-8762"]
[traceId:,span_id:] 2018-06-06 17:59:15.007 [main] [INFO ] o.a.catalina.core.StandardService - Starting service [Tomcat]
[traceId:,span_id:] 2018-06-06 17:59:15.008 [main] [INFO ] o.a.catalina.core.StandardEngine - Starting Servlet Engine: Apache Tomcat/8.5.31
[traceId:,span_id:] 2018-06-06 17:59:15.011 [localhost-startStop-1] [INFO ] o.a.c.core.AprLifecycleListener - The APR based Apache Tomcat Native library which allows optimal performance in production environments was not found on the java.library.path: [C:\Program Files\Java\jdk1.8.0_152\bin;C:\WINDOWS\Sun\Java\bin;C:\WINDOWS\system32;C:\WINDOWS;C:\ProgramData\Oracle\Java\javapath;C:\WINDOWS\system32;C:\WINDOWS;C:\WINDOWS\System32\Wbem;C:\WINDOWS\System32\WindowsPowerShell\v1.0\;C:\Program Files\Java\jdk1.8.0_152\bin;C:\Program Files\Java\jdk1.8.0_152\jre\bin;D:\soft\nnd\idea\git\Git\cmd;C:\WINDOWS\System32\OpenSSH\;C:\Users\JYKJ\AppData\Local\Microsoft\WindowsApps;;.]
[traceId:,span_id:] 2018-06-06 17:59:15.155 [localhost-startStop-1] [INFO ] o.a.c.c.C.[Tomcat].[localhost].[/] - Initializing Spring embedded WebApplicationContext
[traceId:,span_id:] 2018-06-06 17:59:15.155 [localhost-startStop-1] [INFO ] o.s.web.context.ContextLoader - Root WebApplicationContext: initialization completed in 1418 ms
[traceId:,span_id:] 2018-06-06 17:59:16.298 [localhost-startStop-1] [INFO ] o.s.b.w.s.ServletRegistrationBean - Servlet dispatcherServlet mapped to [/]
[traceId:,span_id:] 2018-06-06 17:59:16.302 [localhost-startStop-1] [INFO ] o.s.b.w.s.FilterRegistrationBean - Mapping filter: 'characterEncodingFilter' to: [/*]
[traceId:,span_id:] 2018-06-06 17:59:16.302 [localhost-startStop-1] [INFO ] o.s.b.w.s.FilterRegistrationBean - Mapping filter: 'hiddenHttpMethodFilter' to: [/*]
[traceId:,span_id:] 2018-06-06 17:59:16.303 [localhost-startStop-1] [INFO ] o.s.b.w.s.FilterRegistrationBean - Mapping filter: 'httpPutFormContentFilter' to: [/*]
[traceId:,span_id:] 2018-06-06 17:59:16.303 [localhost-startStop-1] [INFO ] o.s.b.w.s.FilterRegistrationBean - Mapping filter: 'requestContextFilter' to: [/*]
[traceId:,span_id:] 2018-06-06 17:59:16.303 [localhost-startStop-1] [INFO ] o.s.b.w.s.FilterRegistrationBean - Mapping filter: 'httpTraceFilter' to: [/*]
[traceId:,span_id:] 2018-06-06 17:59:16.303 [localhost-startStop-1] [INFO ] o.s.b.w.s.FilterRegistrationBean - Mapping filter: 'webMvcMetricsFilter' to: [/*]
[traceId:,span_id:] 2018-06-06 17:59:16.369 [main] [WARN ] c.n.c.sources.URLConfigurationSource - No URLs will be polled as dynamic configuration sources.
[traceId:,span_id:] 2018-06-06 17:59:16.369 [main] [INFO ] c.n.c.sources.URLConfigurationSource - To enable URLs as dynamic configuration sources, define System property archaius.configurationSource.additionalUrls or make config.properties available on classpath.
[traceId:,span_id:] 2018-06-06 17:59:16.373 [main] [WARN ] c.n.c.sources.URLConfigurationSource - No URLs will be polled as dynamic configuration sources.
[traceId:,span_id:] 2018-06-06 17:59:16.373 [main] [INFO ] c.n.c.sources.URLConfigurationSource - To enable URLs as dynamic configuration sources, define System property archaius.configurationSource.additionalUrls or make config.properties available on classpath.
[traceId:,span_id:] 2018-06-06 17:59:16.463 [main] [INFO ] o.s.w.s.h.SimpleUrlHandlerMapping - Mapped URL path [/**/favicon.ico] onto handler of type [class org.springframework.web.servlet.resource.ResourceHttpRequestHandler]
[traceId:,span_id:] 2018-06-06 17:59:16.734 [main] [INFO ] o.s.w.s.m.m.a.RequestMappingHandlerAdapter - Looking for @ControllerAdvice: org.springframework.boot.web.servlet.context.AnnotationConfigServletWebServerApplicationContext@412c995d: startup date [Wed Jun 06 17:59:13 CST 2018]; parent: org.springframework.context.annotation.AnnotationConfigApplicationContext@784c3487
[traceId:,span_id:] 2018-06-06 17:59:16.806 [main] [INFO ] o.s.w.s.m.m.a.RequestMappingHandlerMapping - Mapped "{[/hi]}" onto public java.lang.String com.forezp.servicehi.ServiceHiApplication.home(java.lang.String)
[traceId:,span_id:] 2018-06-06 17:59:16.808 [main] [INFO ] o.s.w.s.m.m.a.RequestMappingHandlerMapping - Mapped "{[/util/date],methods=[GET]}" onto public com.forezp.servicehi.common.rest.RestResponse<java.lang.Void> com.forezp.servicehi.resource.UtilDateResource.getDate()
[traceId:,span_id:] 2018-06-06 17:59:16.809 [main] [INFO ] o.s.w.s.m.m.a.RequestMappingHandlerMapping - Mapped "{[/error]}" onto public org.springframework.http.ResponseEntity<java.util.Map<java.lang.String, java.lang.Object>> org.springframework.boot.autoconfigure.web.servlet.error.BasicErrorController.error(javax.servlet.http.HttpServletRequest)
[traceId:,span_id:] 2018-06-06 17:59:16.810 [main] [INFO ] o.s.w.s.m.m.a.RequestMappingHandlerMapping - Mapped "{[/error],produces=[text/html]}" onto public org.springframework.web.servlet.ModelAndView org.springframework.boot.autoconfigure.web.servlet.error.BasicErrorController.errorHtml(javax.servlet.http.HttpServletRequest,javax.servlet.http.HttpServletResponse)
[traceId:,span_id:] 2018-06-06 17:59:16.843 [main] [INFO ] o.s.w.s.h.SimpleUrlHandlerMapping - Mapped URL path [/webjars/**] onto handler of type [class org.springframework.web.servlet.resource.ResourceHttpRequestHandler]
[traceId:,span_id:] 2018-06-06 17:59:16.844 [main] [INFO ] o.s.w.s.h.SimpleUrlHandlerMapping - Mapped URL path [/**] onto handler of type [class org.springframework.web.servlet.resource.ResourceHttpRequestHandler]
[traceId:,span_id:] 2018-06-06 17:59:16.865 [main] [INFO ] o.s.w.s.m.m.a.ExceptionHandlerExceptionResolver - Detected @ExceptionHandler methods in restExceptionHandler
[traceId:,span_id:] 2018-06-06 17:59:17.280 [main] [INFO ] o.s.u.f.SpringTemplateLoader - SpringTemplateLoader for FreeMarker: using resource loader [org.springframework.boot.web.servlet.context.AnnotationConfigServletWebServerApplicationContext@412c995d: startup date [Wed Jun 06 17:59:13 CST 2018]; parent: org.springframework.context.annotation.AnnotationConfigApplicationContext@784c3487] and template loader path [classpath:/templates/]
[traceId:,span_id:] 2018-06-06 17:59:17.281 [main] [INFO ] o.s.w.s.v.f.FreeMarkerConfigurer - ClassTemplateLoader for Spring macros added to FreeMarker configuration
[traceId:,span_id:] 2018-06-06 17:59:17.462 [main] [INFO ] o.s.b.a.e.web.EndpointLinksResolver - Exposing 2 endpoint(s) beneath base path '/actuator'
[traceId:,span_id:] 2018-06-06 17:59:17.473 [main] [INFO ] o.s.b.a.e.w.s.WebMvcEndpointHandlerMapping - Mapped "{[/actuator/health],methods=[GET],produces=[application/vnd.spring-boot.actuator.v2+json || application/json]}" onto public java.lang.Object org.springframework.boot.actuate.endpoint.web.servlet.AbstractWebMvcEndpointHandlerMapping$OperationHandler.handle(javax.servlet.http.HttpServletRequest,java.util.Map<java.lang.String, java.lang.String>)
[traceId:,span_id:] 2018-06-06 17:59:17.473 [main] [INFO ] o.s.b.a.e.w.s.WebMvcEndpointHandlerMapping - Mapped "{[/actuator/info],methods=[GET],produces=[application/vnd.spring-boot.actuator.v2+json || application/json]}" onto public java.lang.Object org.springframework.boot.actuate.endpoint.web.servlet.AbstractWebMvcEndpointHandlerMapping$OperationHandler.handle(javax.servlet.http.HttpServletRequest,java.util.Map<java.lang.String, java.lang.String>)
[traceId:,span_id:] 2018-06-06 17:59:17.474 [main] [INFO ] o.s.b.a.e.w.s.WebMvcEndpointHandlerMapping - Mapped "{[/actuator],methods=[GET],produces=[application/vnd.spring-boot.actuator.v2+json || application/json]}" onto protected java.util.Map<java.lang.String, java.util.Map<java.lang.String, org.springframework.boot.actuate.endpoint.web.Link>> org.springframework.boot.actuate.endpoint.web.servlet.WebMvcEndpointHandlerMapping.links(javax.servlet.http.HttpServletRequest,javax.servlet.http.HttpServletResponse)
[traceId:,span_id:] 2018-06-06 17:59:17.547 [main] [INFO ] o.s.j.e.a.AnnotationMBeanExporter - Registering beans for JMX exposure on startup
[traceId:,span_id:] 2018-06-06 17:59:17.557 [main] [INFO ] o.s.j.e.a.AnnotationMBeanExporter - Bean with name 'environmentManager' has been autodetected for JMX exposure
[traceId:,span_id:] 2018-06-06 17:59:17.561 [main] [INFO ] o.s.j.e.a.AnnotationMBeanExporter - Bean with name 'configurationPropertiesRebinder' has been autodetected for JMX exposure
[traceId:,span_id:] 2018-06-06 17:59:17.561 [main] [INFO ] o.s.j.e.a.AnnotationMBeanExporter - Bean with name 'refreshScope' has been autodetected for JMX exposure
[traceId:,span_id:] 2018-06-06 17:59:17.564 [main] [INFO ] o.s.j.e.a.AnnotationMBeanExporter - Located managed bean 'environmentManager': registering with JMX server as MBean [org.springframework.cloud.context.environment:name=environmentManager,type=EnvironmentManager]
[traceId:,span_id:] 2018-06-06 17:59:17.575 [main] [INFO ] o.s.j.e.a.AnnotationMBeanExporter - Located managed bean 'refreshScope': registering with JMX server as MBean [org.springframework.cloud.context.scope.refresh:name=refreshScope,type=RefreshScope]
[traceId:,span_id:] 2018-06-06 17:59:17.589 [main] [INFO ] o.s.j.e.a.AnnotationMBeanExporter - Located managed bean 'configurationPropertiesRebinder': registering with JMX server as MBean [org.springframework.cloud.context.properties:name=configurationPropertiesRebinder,context=412c995d,type=ConfigurationPropertiesRebinder]
[traceId:,span_id:] 2018-06-06 17:59:17.597 [main] [INFO ] o.s.c.s.DefaultLifecycleProcessor - Starting beans in phase 0
[traceId:,span_id:] 2018-06-06 17:59:17.605 [main] [INFO ] o.s.c.n.eureka.InstanceInfoFactory - Setting initial instance status as: STARTING
[traceId:,span_id:] 2018-06-06 17:59:17.653 [main] [INFO ] c.netflix.discovery.DiscoveryClient - Initializing Eureka in region us-east-1
[traceId:,span_id:] 2018-06-06 17:59:18.355 [main] [INFO ] c.n.d.p.DiscoveryJerseyProvider - Using JSON encoding codec LegacyJacksonJson
[traceId:,span_id:] 2018-06-06 17:59:18.355 [main] [INFO ] c.n.d.p.DiscoveryJerseyProvider - Using JSON decoding codec LegacyJacksonJson
[traceId:,span_id:] 2018-06-06 17:59:18.480 [main] [INFO ] c.n.d.p.DiscoveryJerseyProvider - Using XML encoding codec XStreamXml
[traceId:,span_id:] 2018-06-06 17:59:18.481 [main] [INFO ] c.n.d.p.DiscoveryJerseyProvider - Using XML decoding codec XStreamXml
[traceId:,span_id:] 2018-06-06 17:59:18.793 [main] [INFO ] c.n.d.s.r.aws.ConfigClusterResolver - Resolving eureka endpoints via configuration
[traceId:,span_id:] 2018-06-06 17:59:18.840 [main] [INFO ] c.netflix.discovery.DiscoveryClient - Disable delta property : false
[traceId:,span_id:] 2018-06-06 17:59:18.841 [main] [INFO ] c.netflix.discovery.DiscoveryClient - Single vip registry refresh property : null
[traceId:,span_id:] 2018-06-06 17:59:18.841 [main] [INFO ] c.netflix.discovery.DiscoveryClient - Force full registry fetch : false
[traceId:,span_id:] 2018-06-06 17:59:18.841 [main] [INFO ] c.netflix.discovery.DiscoveryClient - Application is null : false
[traceId:,span_id:] 2018-06-06 17:59:18.841 [main] [INFO ] c.netflix.discovery.DiscoveryClient - Registered Applications size is zero : true
[traceId:,span_id:] 2018-06-06 17:59:18.841 [main] [INFO ] c.netflix.discovery.DiscoveryClient - Application version is -1: true
[traceId:,span_id:] 2018-06-06 17:59:18.841 [main] [INFO ] c.netflix.discovery.DiscoveryClient - Getting all instance registry info from the eureka server
[traceId:,span_id:] 2018-06-06 17:59:19.143 [main] [INFO ] c.netflix.discovery.DiscoveryClient - The response status is 200
[traceId:,span_id:] 2018-06-06 17:59:19.145 [main] [INFO ] c.netflix.discovery.DiscoveryClient - Starting heartbeat executor: renew interval is: 30
[traceId:,span_id:] 2018-06-06 17:59:19.147 [main] [INFO ] c.n.discovery.InstanceInfoReplicator - InstanceInfoReplicator onDemand update allowed rate per min is 4
[traceId:,span_id:] 2018-06-06 17:59:19.150 [main] [INFO ] c.netflix.discovery.DiscoveryClient - Discovery Client initialized at timestamp 1528279159149 with initial instances count: 0
[traceId:,span_id:] 2018-06-06 17:59:19.153 [main] [INFO ] o.s.c.n.e.s.EurekaServiceRegistry - Registering application service-hi with eureka with status UP
[traceId:,span_id:] 2018-06-06 17:59:19.155 [main] [INFO ] c.netflix.discovery.DiscoveryClient - Saw local status change event StatusChangeEvent [timestamp=1528279159155, current=UP, previous=STARTING]
[traceId:,span_id:] 2018-06-06 17:59:19.156 [DiscoveryClient-InstanceInfoReplicator-0] [INFO ] c.netflix.discovery.DiscoveryClient - DiscoveryClient_SERVICE-HI/DESKTOP-CCCD7LS:service-hi:8762: registering service...
[traceId:,span_id:] 2018-06-06 17:59:19.171 [main] [INFO ] o.a.coyote.http11.Http11NioProtocol - Starting ProtocolHandler ["http-nio-8762"]
[traceId:,span_id:] 2018-06-06 17:59:19.182 [main] [INFO ] o.a.tomcat.util.net.NioSelectorPool - Using a shared selector for servlet write/read
[traceId:,span_id:] 2018-06-06 17:59:19.204 [main] [INFO ] o.s.b.w.e.tomcat.TomcatWebServer - Tomcat started on port(s): 8762 (http) with context path ''
[traceId:,span_id:] 2018-06-06 17:59:19.205 [main] [INFO ] o.s.c.n.e.s.EurekaAutoServiceRegistration - Updating port to 8762
[traceId:,span_id:] 2018-06-06 17:59:19.207 [main] [INFO ] c.f.servicehi.ServiceHiApplication - Started ServiceHiApplication in 7.384 seconds (JVM running for 8.118)
[traceId:,span_id:] 2018-06-06 17:59:19.296 [DiscoveryClient-InstanceInfoReplicator-0] [INFO ] c.netflix.discovery.DiscoveryClient - DiscoveryClient_SERVICE-HI/DESKTOP-CCCD7LS:service-hi:8762 - registration status: 204
[traceId:,span_id:] 2018-06-06 17:59:49.147 [DiscoveryClient-CacheRefreshExecutor-0] [INFO ] c.netflix.discovery.DiscoveryClient - Disable delta property : false
[traceId:,span_id:] 2018-06-06 17:59:49.147 [DiscoveryClient-CacheRefreshExecutor-0] [INFO ] c.netflix.discovery.DiscoveryClient - Single vip registry refresh property : null
[traceId:,span_id:] 2018-06-06 17:59:49.147 [DiscoveryClient-CacheRefreshExecutor-0] [INFO ] c.netflix.discovery.DiscoveryClient - Force full registry fetch : false
[traceId:,span_id:] 2018-06-06 17:59:49.147 [DiscoveryClient-CacheRefreshExecutor-0] [INFO ] c.netflix.discovery.DiscoveryClient - Application is null : false
[traceId:,span_id:] 2018-06-06 17:59:49.147 [DiscoveryClient-CacheRefreshExecutor-0] [INFO ] c.netflix.discovery.DiscoveryClient - Registered Applications size is zero : true
[traceId:,span_id:] 2018-06-06 17:59:49.147 [DiscoveryClient-CacheRefreshExecutor-0] [INFO ] c.netflix.discovery.DiscoveryClient - Application version is -1: false
[traceId:,span_id:] 2018-06-06 17:59:49.147 [DiscoveryClient-CacheRefreshExecutor-0] [INFO ] c.netflix.discovery.DiscoveryClient - Getting all instance registry info from the eureka server
[traceId:,span_id:] 2018-06-06 17:59:49.191 [DiscoveryClient-CacheRefreshExecutor-0] [INFO ] c.netflix.discovery.DiscoveryClient - The response status is 200
[traceId:,span_id:] 2018-06-06 18:01:16.303 [main] [INFO ] o.s.c.a.AnnotationConfigApplicationContext - Refreshing org.springframework.context.annotation.AnnotationConfigApplicationContext@77a7cf58: startup date [Wed Jun 06 18:01:16 CST 2018]; root of context hierarchy
[traceId:,span_id:] 2018-06-06 18:01:16.489 [main] [INFO ] o.s.b.f.a.AutowiredAnnotationBeanPostProcessor - JSR-330 'javax.inject.Inject' annotation found and supported for autowiring
[traceId:,span_id:] 2018-06-06 18:01:16.523 [main] [INFO ] o.s.c.s.PostProcessorRegistrationDelegate$BeanPostProcessorChecker - Bean 'configurationPropertiesRebinderAutoConfiguration' of type [org.springframework.cloud.autoconfigure.ConfigurationPropertiesRebinderAutoConfiguration$$EnhancerBySpringCGLIB$$f2bd1a9b] is not eligible for getting processed by all BeanPostProcessors (for example: not eligible for auto-proxying)
[traceId:,span_id:] 2018-06-06 18:01:16.779 [main] [INFO ] c.f.servicehi.ServiceHiApplication - No active profile set, falling back to default profiles: default
[traceId:,span_id:] 2018-06-06 18:01:16.794 [main] [INFO ] o.s.b.w.s.c.AnnotationConfigServletWebServerApplicationContext - Refreshing org.springframework.boot.web.servlet.context.AnnotationConfigServletWebServerApplicationContext@294bdeb4: startup date [Wed Jun 06 18:01:16 CST 2018]; parent: org.springframework.context.annotation.AnnotationConfigApplicationContext@77a7cf58
[traceId:,span_id:] 2018-06-06 18:01:17.840 [main] [INFO ] o.s.cloud.context.scope.GenericScope - BeanFactory id=d5f31472-dae9-380d-9075-ec04185d679f
[traceId:,span_id:] 2018-06-06 18:01:17.856 [main] [INFO ] o.s.b.f.a.AutowiredAnnotationBeanPostProcessor - JSR-330 'javax.inject.Inject' annotation found and supported for autowiring
[traceId:,span_id:] 2018-06-06 18:01:17.956 [main] [INFO ] o.s.c.s.PostProcessorRegistrationDelegate$BeanPostProcessorChecker - Bean 'org.springframework.cloud.autoconfigure.ConfigurationPropertiesRebinderAutoConfiguration' of type [org.springframework.cloud.autoconfigure.ConfigurationPropertiesRebinderAutoConfiguration$$EnhancerBySpringCGLIB$$f2bd1a9b] is not eligible for getting processed by all BeanPostProcessors (for example: not eligible for auto-proxying)
[traceId:,span_id:] 2018-06-06 18:01:18.233 [main] [INFO ] o.s.b.w.e.tomcat.TomcatWebServer - Tomcat initialized with port(s): 8762 (http)
[traceId:,span_id:] 2018-06-06 18:01:18.248 [main] [INFO ] o.a.coyote.http11.Http11NioProtocol - Initializing ProtocolHandler ["http-nio-8762"]
[traceId:,span_id:] 2018-06-06 18:01:18.257 [main] [INFO ] o.a.catalina.core.StandardService - Starting service [Tomcat]
[traceId:,span_id:] 2018-06-06 18:01:18.257 [main] [INFO ] o.a.catalina.core.StandardEngine - Starting Servlet Engine: Apache Tomcat/8.5.31
[traceId:,span_id:] 2018-06-06 18:01:18.262 [localhost-startStop-1] [INFO ] o.a.c.core.AprLifecycleListener - The APR based Apache Tomcat Native library which allows optimal performance in production environments was not found on the java.library.path: [C:\Program Files\Java\jdk1.8.0_152\bin;C:\WINDOWS\Sun\Java\bin;C:\WINDOWS\system32;C:\WINDOWS;C:\ProgramData\Oracle\Java\javapath;C:\WINDOWS\system32;C:\WINDOWS;C:\WINDOWS\System32\Wbem;C:\WINDOWS\System32\WindowsPowerShell\v1.0\;C:\Program Files\Java\jdk1.8.0_152\bin;C:\Program Files\Java\jdk1.8.0_152\jre\bin;D:\soft\nnd\idea\git\Git\cmd;C:\WINDOWS\System32\OpenSSH\;C:\Users\JYKJ\AppData\Local\Microsoft\WindowsApps;;.]
[traceId:,span_id:] 2018-06-06 18:01:18.427 [localhost-startStop-1] [INFO ] o.a.c.c.C.[Tomcat].[localhost].[/] - Initializing Spring embedded WebApplicationContext
[traceId:,span_id:] 2018-06-06 18:01:18.427 [localhost-startStop-1] [INFO ] o.s.web.context.ContextLoader - Root WebApplicationContext: initialization completed in 1633 ms
[traceId:,span_id:] 2018-06-06 18:01:19.597 [localhost-startStop-1] [INFO ] o.s.b.w.s.ServletRegistrationBean - Servlet dispatcherServlet mapped to [/]
[traceId:,span_id:] 2018-06-06 18:01:19.601 [localhost-startStop-1] [INFO ] o.s.b.w.s.FilterRegistrationBean - Mapping filter: 'characterEncodingFilter' to: [/*]
[traceId:,span_id:] 2018-06-06 18:01:19.603 [localhost-startStop-1] [INFO ] o.s.b.w.s.FilterRegistrationBean - Mapping filter: 'hiddenHttpMethodFilter' to: [/*]
[traceId:,span_id:] 2018-06-06 18:01:19.604 [localhost-startStop-1] [INFO ] o.s.b.w.s.FilterRegistrationBean - Mapping filter: 'httpPutFormContentFilter' to: [/*]
[traceId:,span_id:] 2018-06-06 18:01:19.604 [localhost-startStop-1] [INFO ] o.s.b.w.s.FilterRegistrationBean - Mapping filter: 'requestContextFilter' to: [/*]
[traceId:,span_id:] 2018-06-06 18:01:19.604 [localhost-startStop-1] [INFO ] o.s.b.w.s.FilterRegistrationBean - Mapping filter: 'httpTraceFilter' to: [/*]
[traceId:,span_id:] 2018-06-06 18:01:19.604 [localhost-startStop-1] [INFO ] o.s.b.w.s.FilterRegistrationBean - Mapping filter: 'webMvcMetricsFilter' to: [/*]
[traceId:,span_id:] 2018-06-06 18:01:19.673 [main] [WARN ] c.n.c.sources.URLConfigurationSource - No URLs will be polled as dynamic configuration sources.
[traceId:,span_id:] 2018-06-06 18:01:19.673 [main] [INFO ] c.n.c.sources.URLConfigurationSource - To enable URLs as dynamic configuration sources, define System property archaius.configurationSource.additionalUrls or make config.properties available on classpath.
[traceId:,span_id:] 2018-06-06 18:01:19.677 [main] [WARN ] c.n.c.sources.URLConfigurationSource - No URLs will be polled as dynamic configuration sources.
[traceId:,span_id:] 2018-06-06 18:01:19.677 [main] [INFO ] c.n.c.sources.URLConfigurationSource - To enable URLs as dynamic configuration sources, define System property archaius.configurationSource.additionalUrls or make config.properties available on classpath.
[traceId:,span_id:] 2018-06-06 18:01:19.766 [main] [INFO ] o.s.w.s.h.SimpleUrlHandlerMapping - Mapped URL path [/**/favicon.ico] onto handler of type [class org.springframework.web.servlet.resource.ResourceHttpRequestHandler]
[traceId:,span_id:] 2018-06-06 18:01:20.022 [main] [INFO ] o.s.w.s.m.m.a.RequestMappingHandlerAdapter - Looking for @ControllerAdvice: org.springframework.boot.web.servlet.context.AnnotationConfigServletWebServerApplicationContext@294bdeb4: startup date [Wed Jun 06 18:01:16 CST 2018]; parent: org.springframework.context.annotation.AnnotationConfigApplicationContext@77a7cf58
[traceId:,span_id:] 2018-06-06 18:01:20.095 [main] [INFO ] o.s.w.s.m.m.a.RequestMappingHandlerMapping - Mapped "{[/hi]}" onto public java.lang.String com.forezp.servicehi.ServiceHiApplication.home(java.lang.String)
[traceId:,span_id:] 2018-06-06 18:01:20.096 [main] [INFO ] o.s.w.s.m.m.a.RequestMappingHandlerMapping - Mapped "{[/util/date],methods=[GET]}" onto public com.forezp.servicehi.common.rest.RestResponse<java.lang.Void> com.forezp.servicehi.resource.UtilDateResource.getDate()
[traceId:,span_id:] 2018-06-06 18:01:20.098 [main] [INFO ] o.s.w.s.m.m.a.RequestMappingHandlerMapping - Mapped "{[/error]}" onto public org.springframework.http.ResponseEntity<java.util.Map<java.lang.String, java.lang.Object>> org.springframework.boot.autoconfigure.web.servlet.error.BasicErrorController.error(javax.servlet.http.HttpServletRequest)
[traceId:,span_id:] 2018-06-06 18:01:20.100 [main] [INFO ] o.s.w.s.m.m.a.RequestMappingHandlerMapping - Mapped "{[/error],produces=[text/html]}" onto public org.springframework.web.servlet.ModelAndView org.springframework.boot.autoconfigure.web.servlet.error.BasicErrorController.errorHtml(javax.servlet.http.HttpServletRequest,javax.servlet.http.HttpServletResponse)
[traceId:,span_id:] 2018-06-06 18:01:20.137 [main] [INFO ] o.s.w.s.h.SimpleUrlHandlerMapping - Mapped URL path [/webjars/**] onto handler of type [class org.springframework.web.servlet.resource.ResourceHttpRequestHandler]
[traceId:,span_id:] 2018-06-06 18:01:20.137 [main] [INFO ] o.s.w.s.h.SimpleUrlHandlerMapping - Mapped URL path [/**] onto handler of type [class org.springframework.web.servlet.resource.ResourceHttpRequestHandler]
[traceId:,span_id:] 2018-06-06 18:01:20.156 [main] [INFO ] o.s.w.s.m.m.a.ExceptionHandlerExceptionResolver - Detected @ExceptionHandler methods in restExceptionHandler
[traceId:,span_id:] 2018-06-06 18:01:20.614 [main] [INFO ] o.s.u.f.SpringTemplateLoader - SpringTemplateLoader for FreeMarker: using resource loader [org.springframework.boot.web.servlet.context.AnnotationConfigServletWebServerApplicationContext@294bdeb4: startup date [Wed Jun 06 18:01:16 CST 2018]; parent: org.springframework.context.annotation.AnnotationConfigApplicationContext@77a7cf58] and template loader path [classpath:/templates/]
[traceId:,span_id:] 2018-06-06 18:01:20.615 [main] [INFO ] o.s.w.s.v.f.FreeMarkerConfigurer - ClassTemplateLoader for Spring macros added to FreeMarker configuration
[traceId:,span_id:] 2018-06-06 18:01:20.798 [main] [INFO ] o.s.b.a.e.web.EndpointLinksResolver - Exposing 2 endpoint(s) beneath base path '/actuator'
[traceId:,span_id:] 2018-06-06 18:01:20.812 [main] [INFO ] o.s.b.a.e.w.s.WebMvcEndpointHandlerMapping - Mapped "{[/actuator/health],methods=[GET],produces=[application/vnd.spring-boot.actuator.v2+json || application/json]}" onto public java.lang.Object org.springframework.boot.actuate.endpoint.web.servlet.AbstractWebMvcEndpointHandlerMapping$OperationHandler.handle(javax.servlet.http.HttpServletRequest,java.util.Map<java.lang.String, java.lang.String>)
[traceId:,span_id:] 2018-06-06 18:01:20.813 [main] [INFO ] o.s.b.a.e.w.s.WebMvcEndpointHandlerMapping - Mapped "{[/actuator/info],methods=[GET],produces=[application/vnd.spring-boot.actuator.v2+json || application/json]}" onto public java.lang.Object org.springframework.boot.actuate.endpoint.web.servlet.AbstractWebMvcEndpointHandlerMapping$OperationHandler.handle(javax.servlet.http.HttpServletRequest,java.util.Map<java.lang.String, java.lang.String>)
[traceId:,span_id:] 2018-06-06 18:01:20.813 [main] [INFO ] o.s.b.a.e.w.s.WebMvcEndpointHandlerMapping - Mapped "{[/actuator],methods=[GET],produces=[application/vnd.spring-boot.actuator.v2+json || application/json]}" onto protected java.util.Map<java.lang.String, java.util.Map<java.lang.String, org.springframework.boot.actuate.endpoint.web.Link>> org.springframework.boot.actuate.endpoint.web.servlet.WebMvcEndpointHandlerMapping.links(javax.servlet.http.HttpServletRequest,javax.servlet.http.HttpServletResponse)
[traceId:,span_id:] 2018-06-06 18:01:20.881 [main] [INFO ] o.s.j.e.a.AnnotationMBeanExporter - Registering beans for JMX exposure on startup
[traceId:,span_id:] 2018-06-06 18:01:20.895 [main] [INFO ] o.s.j.e.a.AnnotationMBeanExporter - Bean with name 'environmentManager' has been autodetected for JMX exposure
[traceId:,span_id:] 2018-06-06 18:01:20.898 [main] [INFO ] o.s.j.e.a.AnnotationMBeanExporter - Bean with name 'configurationPropertiesRebinder' has been autodetected for JMX exposure
[traceId:,span_id:] 2018-06-06 18:01:20.898 [main] [INFO ] o.s.j.e.a.AnnotationMBeanExporter - Bean with name 'refreshScope' has been autodetected for JMX exposure
[traceId:,span_id:] 2018-06-06 18:01:20.902 [main] [INFO ] o.s.j.e.a.AnnotationMBeanExporter - Located managed bean 'environmentManager': registering with JMX server as MBean [org.springframework.cloud.context.environment:name=environmentManager,type=EnvironmentManager]
[traceId:,span_id:] 2018-06-06 18:01:20.914 [main] [INFO ] o.s.j.e.a.AnnotationMBeanExporter - Located managed bean 'refreshScope': registering with JMX server as MBean [org.springframework.cloud.context.scope.refresh:name=refreshScope,type=RefreshScope]
[traceId:,span_id:] 2018-06-06 18:01:20.930 [main] [INFO ] o.s.j.e.a.AnnotationMBeanExporter - Located managed bean 'configurationPropertiesRebinder': registering with JMX server as MBean [org.springframework.cloud.context.properties:name=configurationPropertiesRebinder,context=294bdeb4,type=ConfigurationPropertiesRebinder]
[traceId:,span_id:] 2018-06-06 18:01:20.940 [main] [INFO ] o.s.c.s.DefaultLifecycleProcessor - Starting beans in phase 0
[traceId:,span_id:] 2018-06-06 18:01:20.950 [main] [INFO ] o.s.c.n.eureka.InstanceInfoFactory - Setting initial instance status as: STARTING
[traceId:,span_id:] 2018-06-06 18:01:20.994 [main] [INFO ] c.netflix.discovery.DiscoveryClient - Initializing Eureka in region us-east-1
[traceId:,span_id:] 2018-06-06 18:01:21.253 [main] [INFO ] c.n.d.p.DiscoveryJerseyProvider - Using JSON encoding codec LegacyJacksonJson
[traceId:,span_id:] 2018-06-06 18:01:21.253 [main] [INFO ] c.n.d.p.DiscoveryJerseyProvider - Using JSON decoding codec LegacyJacksonJson
[traceId:,span_id:] 2018-06-06 18:01:21.356 [main] [INFO ] c.n.d.p.DiscoveryJerseyProvider - Using XML encoding codec XStreamXml
[traceId:,span_id:] 2018-06-06 18:01:21.356 [main] [INFO ] c.n.d.p.DiscoveryJerseyProvider - Using XML decoding codec XStreamXml
[traceId:,span_id:] 2018-06-06 18:01:21.626 [main] [INFO ] c.n.d.s.r.aws.ConfigClusterResolver - Resolving eureka endpoints via configuration
[traceId:,span_id:] 2018-06-06 18:01:21.669 [main] [INFO ] c.netflix.discovery.DiscoveryClient - Disable delta property : false
[traceId:,span_id:] 2018-06-06 18:01:21.669 [main] [INFO ] c.netflix.discovery.DiscoveryClient - Single vip registry refresh property : null
[traceId:,span_id:] 2018-06-06 18:01:21.669 [main] [INFO ] c.netflix.discovery.DiscoveryClient - Force full registry fetch : false
[traceId:,span_id:] 2018-06-06 18:01:21.669 [main] [INFO ] c.netflix.discovery.DiscoveryClient - Application is null : false
[traceId:,span_id:] 2018-06-06 18:01:21.669 [main] [INFO ] c.netflix.discovery.DiscoveryClient - Registered Applications size is zero : true
[traceId:,span_id:] 2018-06-06 18:01:21.669 [main] [INFO ] c.netflix.discovery.DiscoveryClient - Application version is -1: true
[traceId:,span_id:] 2018-06-06 18:01:21.669 [main] [INFO ] c.netflix.discovery.DiscoveryClient - Getting all instance registry info from the eureka server
[traceId:,span_id:] 2018-06-06 18:01:21.840 [main] [INFO ] c.netflix.discovery.DiscoveryClient - The response status is 200
[traceId:,span_id:] 2018-06-06 18:01:21.844 [main] [INFO ] c.netflix.discovery.DiscoveryClient - Starting heartbeat executor: renew interval is: 30
[traceId:,span_id:] 2018-06-06 18:01:21.848 [main] [INFO ] c.n.discovery.InstanceInfoReplicator - InstanceInfoReplicator onDemand update allowed rate per min is 4
[traceId:,span_id:] 2018-06-06 18:01:21.856 [main] [INFO ] c.netflix.discovery.DiscoveryClient - Discovery Client initialized at timestamp 1528279281852 with initial instances count: 1
[traceId:,span_id:] 2018-06-06 18:01:21.862 [main] [INFO ] o.s.c.n.e.s.EurekaServiceRegistry - Registering application service-hi with eureka with status UP
[traceId:,span_id:] 2018-06-06 18:01:21.862 [main] [INFO ] c.netflix.discovery.DiscoveryClient - Saw local status change event StatusChangeEvent [timestamp=1528279281862, current=UP, previous=STARTING]
[traceId:,span_id:] 2018-06-06 18:01:21.865 [DiscoveryClient-InstanceInfoReplicator-0] [INFO ] c.netflix.discovery.DiscoveryClient - DiscoveryClient_SERVICE-HI/DESKTOP-CCCD7LS:service-hi:8762: registering service...
[traceId:,span_id:] 2018-06-06 18:01:21.890 [main] [INFO ] o.a.coyote.http11.Http11NioProtocol - Starting ProtocolHandler ["http-nio-8762"]
[traceId:,span_id:] 2018-06-06 18:01:21.907 [main] [INFO ] o.a.tomcat.util.net.NioSelectorPool - Using a shared selector for servlet write/read
[traceId:,span_id:] 2018-06-06 18:01:21.920 [DiscoveryClient-InstanceInfoReplicator-0] [INFO ] c.netflix.discovery.DiscoveryClient - DiscoveryClient_SERVICE-HI/DESKTOP-CCCD7LS:service-hi:8762 - registration status: 204
[traceId:,span_id:] 2018-06-06 18:01:21.933 [main] [INFO ] o.s.b.w.e.tomcat.TomcatWebServer - Tomcat started on port(s): 8762 (http) with context path ''
[traceId:,span_id:] 2018-06-06 18:01:21.936 [main] [INFO ] o.s.c.n.e.s.EurekaAutoServiceRegistration - Updating port to 8762
[traceId:,span_id:] 2018-06-06 18:01:21.940 [main] [INFO ] c.f.servicehi.ServiceHiApplication - Started ServiceHiApplication in 6.922 seconds (JVM running for 7.661)
[traceId:,span_id:] 2018-06-06 18:01:57.627 [http-nio-8762-exec-1] [INFO ] o.a.c.c.C.[Tomcat].[localhost].[/] - Initializing Spring FrameworkServlet 'dispatcherServlet'
[traceId:,span_id:] 2018-06-06 18:01:57.627 [http-nio-8762-exec-1] [INFO ] o.s.web.servlet.DispatcherServlet - FrameworkServlet 'dispatcherServlet': initialization started
[traceId:,span_id:] 2018-06-06 18:01:57.652 [http-nio-8762-exec-1] [INFO ] o.s.web.servlet.DispatcherServlet - FrameworkServlet 'dispatcherServlet': initialization completed in 25 ms
[traceId:,span_id:] 2018-06-06 18:06:21.673 [AsyncResolver-bootstrap-executor-0] [INFO ] c.n.d.s.r.aws.ConfigClusterResolver - Resolving eureka endpoints via configuration
[traceId:,span_id:] 2018-06-06 18:08:58.736 [http-nio-8762-exec-4] [INFO ] c.f.s.service.UtilDateService - DateUtil.getCurrentDate()=2018-06-06
[traceId:,span_id:] 2018-06-06 18:08:58.737 [http-nio-8762-exec-4] [INFO ] c.f.s.service.UtilDateService - DateUtil.getCurrentDateShort()=20180606
[traceId:,span_id:] 2018-06-06 18:08:58.737 [http-nio-8762-exec-4] [INFO ] c.f.s.service.UtilDateService - DateUtil.getCurrentDateTime()=20180606 18:08:58
[traceId:,span_id:] 2018-06-06 18:08:58.737 [http-nio-8762-exec-4] [INFO ] c.f.s.service.UtilDateService - DateUtil.getCurrentDateTime14()=20180606180858
[traceId:,span_id:] 2018-06-06 18:08:58.737 [http-nio-8762-exec-4] [INFO ] c.f.s.service.UtilDateService - DateUtil.getCurrentDateTime17()=20180606 18:08:58
[traceId:,span_id:] 2018-06-06 18:08:58.737 [http-nio-8762-exec-4] [INFO ] c.f.s.service.UtilDateService - DateUtil.getCurrentDateTime19()=2018-06-06 18:08:58
[traceId:,span_id:] 2018-06-06 18:08:58.737 [http-nio-8762-exec-4] [INFO ] c.f.s.service.UtilDateService - DateUtil.getCurrentDateTime()=
[traceId:,span_id:] 2018-06-06 18:11:21.676 [AsyncResolver-bootstrap-executor-0] [INFO ] c.n.d.s.r.aws.ConfigClusterResolver - Resolving eureka endpoints via configuration
[traceId:,span_id:] 2018-06-06 18:16:21.678 [AsyncResolver-bootstrap-executor-0] [INFO ] c.n.d.s.r.aws.ConfigClusterResolver - Resolving eureka endpoints via configuration
[traceId:,span_id:] 2018-06-06 18:21:21.680 [AsyncResolver-bootstrap-executor-0] [INFO ] c.n.d.s.r.aws.ConfigClusterResolver - Resolving eureka endpoints via configuration
[traceId:,span_id:] 2018-06-06 18:26:21.681 [AsyncResolver-bootstrap-executor-0] [INFO ] c.n.d.s.r.aws.ConfigClusterResolver - Resolving eureka endpoints via configuration
[traceId:,span_id:] 2018-06-06 18:31:21.689 [AsyncResolver-bootstrap-executor-0] [INFO ] c.n.d.s.r.aws.ConfigClusterResolver - Resolving eureka endpoints via configuration
[traceId:,span_id:] 2018-06-06 18:36:21.692 [AsyncResolver-bootstrap-executor-0] [INFO ] c.n.d.s.r.aws.ConfigClusterResolver - Resolving eureka endpoints via configuration
[traceId:,span_id:] 2018-06-06 18:41:21.695 [AsyncResolver-bootstrap-executor-0] [INFO ] c.n.d.s.r.aws.ConfigClusterResolver - Resolving eureka endpoints via configuration
[traceId:,span_id:] 2018-06-06 18:46:21.696 [AsyncResolver-bootstrap-executor-0] [INFO ] c.n.d.s.r.aws.ConfigClusterResolver - Resolving eureka endpoints via configuration
[traceId:,span_id:] 2018-06-06 18:51:21.697 [AsyncResolver-bootstrap-executor-0] [INFO ] c.n.d.s.r.aws.ConfigClusterResolver - Resolving eureka endpoints via configuration
[traceId:,span_id:] 2018-06-06 18:56:21.699 [AsyncResolver-bootstrap-executor-0] [INFO ] c.n.d.s.r.aws.ConfigClusterResolver - Resolving eureka endpoints via configuration
[traceId:,span_id:] 2018-06-06 19:01:21.701 [AsyncResolver-bootstrap-executor-0] [INFO ] c.n.d.s.r.aws.ConfigClusterResolver - Resolving eureka endpoints via configuration
[traceId:,span_id:] 2018-06-06 19:06:21.703 [AsyncResolver-bootstrap-executor-0] [INFO ] c.n.d.s.r.aws.ConfigClusterResolver - Resolving eureka endpoints via configuration
[traceId:,span_id:] 2018-06-06 19:11:21.704 [AsyncResolver-bootstrap-executor-0] [INFO ] c.n.d.s.r.aws.ConfigClusterResolver - Resolving eureka endpoints via configuration
